{"meta": {"format": 3, "version": "7.13.3", "timestamp": "2026-09-18T09:18:52.901017", "branch_coverage": true, "show_contexts": false}, "files": {"src/future_code/__init__.py": {"executed_lines": [2], "summary": {"covered_lines": 1, "num_statements": 1, "percent_covered": 100.0, "percent_covered_display": "100", "missing_lines": 0, "excluded_lines": 0, "percent_statements_covered": 100.0, "percent_statements_covered_display": "100", "num_branches": 0, "num_partial_branches": 0, "covered_branches": 0, "missing_branches": 0, "percent_branches_covered": 100.0, "percent_branches_covered_display": "100"}, "missing_lines": [], "excluded_lines": [], "executed_branches": [], "missing_branches": [], "functions": {"": {"executed_lines": [2], "summary": {"covered_lines": 1, "num_statements": 1, "percent_covered": 100.0, "percent_covered_display": "100", "missing_lines": 0, "excluded_lines": 0, "percent_statements_covered": 100.0, "percent_statements_covered_display": "100", "num_branches": 0, "num_partial_branches": 0, "covered_branches": 0, "missing_branches": 0, "percent_branches_covered": 100.0, "percent_branches_covered_display": "100"}, "missing_lines": [], "excluded_lines": [], "start_line": 1, "executed_branches": [], "missing_branches": []}}, "classes": {"": {"executed_lines": [2], "summary": {"covered_lines": 1, "num_statements": 1, "percent_covered": 100.0, "percent_covered_display": "100", "missing_lines": 0, "excluded_lines": 0, "percent_statements_covered": 100.0, "percent_statements_covered_display": "100", "num_branches": 0, "num_partial_branches": 0, "covered_branches": 0, "missing_branches": 0, "percent_branches_covered": 100.0, "percent_branches_covered_display": "100"}, "missing_lines": [], "excluded_lines": [], "start_line": 1, "executed_branches": [], "missing_branches": []}}}, "src/future_code/__main__.py": {"executed_lines": [], "summary": {"covered_lines": 0, "num_statements": 2, "percent_covered": 0.0, "percent_covered_display": "0", "missing_lines": 2, "excluded_lines": 0, "percent_statements_covered": 0.0, "percent_statements_covered_display": "0", "num_branches": 0, "num_partial_branches": 0, "covered_branches": 0, "missing_branches": 0, "percent_branches_covered": 100.0, "percent_branches_covered_display": "100"}, "missing_lines": [1, 2], "excluded_lines": [], "executed_branches": [], "missing_branches": [], "functions": {"": {"executed_lines": [], "summary": {"covered_lines": 0, "num_statements": 2, "percent_covered": 0.0, "percent_covered_display": "0", "missing_lines": 2, "excluded_lines": 0, "percent_statements_covered": 0.0, "percent_statements_covered_display": "0", "num_branches": 0, "num_partial_branches": 0, "covered_branches": 0, "missing_branches": 0, "percent_branches_covered": 100.0, "percent_branches_covered_display": "100"}, "missing_lines": [1, 2], "excluded_lines": [], "start_line": 1, "executed_branches": [], "missing_branches": []}}, "classes": {"": {"executed_lines": [], "summary": {"covered_lines": 0, "num_statements": 2, "percent_covered": 0.0, "percent_covered_display": "0", "missing_lines": 2, "excluded_lines": 0, "percent_statements_covered": 0.0, "percent_statements_covered_display": "0", "num_branches": 0, "num_partial_branches": 0, "covered_branches": 0, "missing_branches": 0, "percent_branches_covered": 100.0, "percent_branches_covered_display": "100"}, "missing_lines": [1, 2], "excluded_lines": [], "start_line": 1, "executed_branches": [], "missing_branches": []}}}, "src/future_code/cli.py": {"executed_lines": [2, 4, 5, 6, 7, 8, 9, 10, 11, 12, 14, 15, 16, 17, 18, 19, 20, 21, 22, 23, 24, 27, 28, 29, 30, 31, 32, 33, 34, 35, 36, 37, 38, 39, 40, 41, 42, 43, 44, 45, 46, 47, 48, 49, 50, 51, 52, 53, 54, 55, 56, 57, 58, 59, 60, 61, 62, 63, 64, 65, 66, 67, 68, 69, 70, 71, 72, 73, 76, 77, 78, 81, 82, 83, 84, 85, 86, 87, 88, 89, 90, 93, 94, 96, 97, 100, 101, 102, 103, 104, 105, 106, 107, 108, 109, 110, 111, 112, 113, 114, 115, 116, 117, 118, 119, 120, 121, 122, 123, 125, 126, 127, 129, 130, 131, 132, 135, 136, 146, 147, 148, 149, 150, 152, 153, 155, 156, 157, 159, 161, 163, 164, 165, 167, 168, 169, 170, 171, 172, 173, 174, 175, 176, 177, 178, 179, 180, 181, 182, 183, 184, 185, 186, 187, 189, 190, 191, 194, 195, 196, 197, 198, 199, 200, 201, 202, 210, 211, 212, 216, 217, 219, 220, 226, 228, 232, 233, 235, 236, 237, 240], "summary": {"covered_lines": 181, "num_statements": 217, "percent_covered": 80.47138047138047, "percent_covered_display": "80", "missing_lines": 36, "excluded_lines": 0, "percent_statements_covered": 83.41013824884793, "percent_statements_covered_display": "83", "num_branches": 80, "num_partial_branches": 14, "covered_branches": 58, "missing_branches": 22, "percent_branches_covered": 72.5, "percent_branches_covered_display": "72"}, "missing_lines": [91, 92, 124, 128, 137, 138, 139, 140, 141, 142, 144, 145, 151, 154, 158, 162, 188, 192, 193, 203, 204, 205, 206, 208, 209, 218, 221, 222, 223, 224, 225, 227, 230, 231, 234, 241], "excluded_lines": [], "executed_branches": [[86, 87], [86, 93], [105, 106], [105, 115], [108, 109], [108, 110], [115, 116], [115, 117], [117, 118], [117, 129], [118, 119], [118, 120], [123, 125], [126, 127], [130, 131], [130, 136], [136, 146], [147, 148], [147, 168], [149, 150], [149, 153], [150, 152], [153, 155], [156, 157], [156, 161], [157, 159], [161, 163], [163, 164], [163, 165], [168, 169], [168, 172], [172, 173], [172, 178], [173, 174], [173, 175], [178, 179], [178, 183], [183, 184], [183, 186], [186, 187], [186, 189], [189, 190], [189, 191], [191, 194], [194, 195], [194, 201], [195, 196], [195, 197], [198, 199], [198, 232], [201, 202], [201, 216], [202, 210], [216, 217], [217, 219], [220, 226], [226, 228], [240, -1]], "missing_branches": [[123, 124], [126, 128], [136, 137], [137, 138], [137, 139], [150, 151], [153, 154], [157, 158], [161, 162], [191, 192], [202, 203], [216, 230], [217, 218], [220, 221], [222, 220], [222, 223], [224, 220], [224, 225], [226, 227], [230, 231], [230, 232], [240, 241]], "functions": {"parser": {"executed_lines": [28, 29, 30, 31, 32, 33, 34, 35, 36, 37, 38, 39, 40, 41, 42, 43, 44, 45, 46, 47, 48, 49, 50, 51, 52, 53, 54, 55, 56, 57, 58, 59, 60, 61, 62, 63, 64, 65, 66, 67, 68, 69, 70, 71, 72, 73], "summary": {"covered_lines": 46, "num_statements": 46, "percent_covered": 100.0, "percent_covered_display": "100", "missing_lines": 0, "excluded_lines": 0, "percent_statements_covered": 100.0, "percent_statements_covered_display": "100", "num_branches": 0, "num_partial_branches": 0, "covered_branches": 0, "missing_branches": 0, "percent_branches_covered": 100.0, "percent_branches_covered_display": "100"}, "missing_lines": [], "excluded_lines": [], "start_line": 27, "executed_branches": [], "missing_branches": []}, "project_paths": {"executed_lines": [77, 78], "summary": {"covered_lines": 2, "num_statements": 2, "percent_covered": 100.0, "percent_covered_display": "100", "missing_lines": 0, "excluded_lines": 0, "percent_statements_covered": 100.0, "percent_statements_covered_display": "100", "num_branches": 0, "num_partial_branches": 0, "covered_branches": 0, "missing_branches": 0, "percent_branches_covered": 100.0, "percent_branches_covered_display": "100"}, "missing_lines": [], "excluded_lines": [], "start_line": 76, "executed_branches": [], "missing_branches": []}, "run_daemon": {"executed_lines": [82, 83, 84, 85, 86, 87, 88, 89, 90, 93, 94, 96, 97], "summary": {"covered_lines": 13, "num_statements": 15, "percent_covered": 88.23529411764706, "percent_covered_display": "88", "missing_lines": 2, "excluded_lines": 0, "percent_statements_covered": 86.66666666666667, "percent_statements_covered_display": "87", "num_branches": 2, "num_partial_branches": 0, "covered_branches": 2, "missing_branches": 0, "percent_branches_covered": 100.0, "percent_branches_covered_display": "100"}, "missing_lines": [91, 92], "excluded_lines": [], "start_line": 81, "executed_branches": [[86, 87], [86, 93]], "missing_branches": []}, "main": {"executed_lines": [101, 102, 103, 104, 105, 106, 107, 108, 109, 110, 111, 112, 113, 114, 115, 116, 117, 118, 119, 120, 121, 122, 123, 125, 126, 127, 129, 130, 131, 132, 135, 136, 146, 147, 148, 149, 150, 152, 153, 155, 156, 157, 159, 161, 163, 164, 165, 167, 168, 169, 170, 171, 172, 173, 174, 175, 176, 177, 178, 179, 180, 181, 182, 183, 184, 185, 186, 187, 189, 190, 191, 194, 195, 196, 197, 198, 199, 200, 201, 202, 210, 211, 212, 216, 217, 219, 220, 226, 228, 232, 233, 235, 236, 237], "summary": {"covered_lines": 94, "num_statements": 127, "percent_covered": 73.39901477832512, "percent_covered_display": "73", "missing_lines": 33, "excluded_lines": 0, "percent_statements_covered": 74.01574803149606, "percent_statements_covered_display": "74", "num_branches": 76, "num_partial_branches": 13, "covered_branches": 55, "missing_branches": 21, "percent_branches_covered": 72.36842105263158, "percent_branches_covered_display": "72"}, "missing_lines": [124, 128, 137, 138, 139, 140, 141, 142, 144, 145, 151, 154, 158, 162, 188, 192, 193, 203, 204, 205, 206, 208, 209, 218, 221, 222, 223, 224, 225, 227, 230, 231, 234], "excluded_lines": [], "start_line": 100, "executed_branches": [[105, 106], [105, 115], [108, 109], [108, 110], [115, 116], [115, 117], [117, 118], [117, 129], [118, 119], [118, 120], [123, 125], [126, 127], [130, 131], [130, 136], [136, 146], [147, 148], [147, 168], [149, 150], [149, 153], [150, 152], [153, 155], [156, 157], [156, 161], [157, 159], [161, 163], [163, 164], [163, 165], [168, 169], [168, 172], [172, 173], [172, 178], [173, 174], [173, 175], [178, 179], [178, 183], [183, 184], [183, 186], [186, 187], [186, 189], [189, 190], [189, 191], [191, 194], [194, 195], [194, 201], [195, 196], [195, 197], [198, 199], [198, 232], [201, 202], [201, 216], [202, 210], [216, 217], [217, 219], [220, 226], [226, 228]], "missing_branches": [[123, 124], [126, 128], [136, 137], [137, 138], [137, 139], [150, 151], [153, 154], [157, 158], [161, 162], [191, 192], [202, 203], [216, 230], [217, 218], [220, 221], [222, 220], [222, 223], [224, 220], [224, 225], [226, 227], [230, 231], [230, 232]]}, "": {"executed_lines": [2, 4, 5, 6, 7, 8, 9, 10, 11, 12, 14, 15, 16, 17, 18, 19, 20, 21, 22, 23, 24, 27, 76, 81, 100, 240], "summary": {"covered_lines": 26, "num_statements": 27, "percent_covered": 93.10344827586206, "percent_covered_display": "93", "missing_lines": 1, "excluded_lines": 0, "percent_statements_covered": 96.29629629629629, "percent_statements_covered_display": "96", "num_branches": 2, "num_partial_branches": 1, "covered_branches": 1, "missing_branches": 1, "percent_branches_covered": 50.0, "percent_branches_covered_display": "50"}, "missing_lines": [241], "excluded_lines": [], "start_line": 1, "executed_branches": [[240, -1]], "missing_branches": [[240, 241]]}}, "classes": {"": {"executed_lines": [2, 4, 5, 6, 7, 8, 9, 10, 11, 12, 14, 15, 16, 17, 18, 19, 20, 21, 22, 23, 24, 27, 28, 29, 30, 31, 32, 33, 34, 35, 36, 37, 38, 39, 40, 41, 42, 43, 44, 45, 46, 47, 48, 49, 50, 51, 52, 53, 54, 55, 56, 57, 58, 59, 60, 61, 62, 63, 64, 65, 66, 67, 68, 69, 70, 71, 72, 73, 76, 77, 78, 81, 82, 83, 84, 85, 86, 87, 88, 89, 90, 93, 94, 96, 97, 100, 101, 102, 103, 104, 105, 106, 107, 108, 109, 110, 111, 112, 113, 114, 115, 116, 117, 118, 119, 120, 121, 122, 123, 125, 126, 127, 129, 130, 131, 132, 135, 136, 146, 147, 148, 149, 150, 152, 153, 155, 156, 157, 159, 161, 163, 164, 165, 167, 168, 169, 170, 171, 172, 173, 174, 175, 176, 177, 178, 179, 180, 181, 182, 183, 184, 185, 186, 187, 189, 190, 191, 194, 195, 196, 197, 198, 199, 200, 201, 202, 210, 211, 212, 216, 217, 219, 220, 226, 228, 232, 233, 235, 236, 237, 240], "summary": {"covered_lines": 181, "num_statements": 217, "percent_covered": 80.47138047138047, "percent_covered_display": "80", "missing_lines": 36, "excluded_lines": 0, "percent_statements_covered": 83.41013824884793, "percent_statements_covered_display": "83", "num_branches": 80, "num_partial_branches": 14, "covered_branches": 58, "missing_branches": 22, "percent_branches_covered": 72.5, "percent_branches_covered_display": "72"}, "missing_lines": [91, 92, 124, 128, 137, 138, 139, 140, 141, 142, 144, 145, 151, 154, 158, 162, 188, 192, 193, 203, 204, 205, 206, 208, 209, 218, 221, 222, 223, 224, 225, 227, 230, 231, 234, 241], "excluded_lines": [], "start_line": 1, "executed_branches": [[86, 87], [86, 93], [105, 106], [105, 115], [108, 109], [108, 110], [115, 116], [115, 117], [117, 118], [117, 129], [118, 119], [118, 120], [123, 125], [126, 127], [130, 131], [130, 136], [136, 146], [147, 148], [147, 168], [149, 150], [149, 153], [150, 152], [153, 155], [156, 157], [156, 161], [157, 159], [161, 163], [163, 164], [163, 165], [168, 169], [168, 172], [172, 173], [172, 178], [173, 174], [173, 175], [178, 179], [178, 183], [183, 184], [183, 186], [186, 187], [186, 189], [189, 190], [189, 191], [191, 194], [194, 195], [194, 201], [195, 196], [195, 197], [198, 199], [198, 232], [201, 202], [201, 216], [202, 210], [216, 217], [217, 219], [220, 226], [226, 228], [240, -1]], "missing_branches": [[123, 124], [126, 128], [136, 137], [137, 138], [137, 139], [150, 151], [153, 154], [157, 158], [161, 162], [191, 192], [202, 203], [216, 230], [217, 218], [220, 221], [222, 220], [222, 223], [224, 220], [224, 225], [226, 227], [230, 231], [230, 232], [240, 241]]}}}, "src/future_code/cli_bridge.py": {"executed_lines": [6, 8, 9, 10, 11, 12, 13, 15, 16, 17, 18, 21, 22, 23, 24, 25, 26, 27, 28, 29, 30, 31, 32, 34, 37, 38, 39, 40, 42, 43, 44, 47, 48, 49, 50, 51, 52, 53, 56, 57, 60, 61, 62, 63, 64, 65, 66, 67, 68, 69, 71, 72, 74, 75, 76, 77, 78, 83], "summary": {"covered_lines": 58, "num_statements": 67, "percent_covered": 84.61538461538461, "percent_covered_display": "85", "missing_lines": 9, "excluded_lines": 0, "percent_statements_covered": 86.56716417910448, "percent_statements_covered_display": "87", "num_branches": 24, "num_partial_branches": 5, "covered_branches": 19, "missing_branches": 5, "percent_branches_covered": 79.16666666666667, "percent_branches_covered_display": "79"}, "missing_lines": [33, 41, 54, 55, 70, 73, 79, 80, 84], "excluded_lines": [], "executed_branches": [[22, 23], [22, 24], [25, 26], [25, 31], [26, 27], [26, 28], [28, 29], [28, 30], [32, 34], [40, 42], [42, 43], [42, 44], [47, 48], [47, 49], [51, 52], [51, 53], [69, 71], [72, 74], [83, -1]], "missing_branches": [[32, 33], [40, 41], [69, 70], [72, 73], [83, 84]], "functions": {"prompt_from_messages": {"executed_lines": [22, 23, 24, 25, 26, 27, 28, 29, 30, 31, 32, 34], "summary": {"covered_lines": 12, "num_statements": 13, "percent_covered": 91.30434782608695, "percent_covered_display": "91", "missing_lines": 1, "excluded_lines": 0, "percent_statements_covered": 92.3076923076923, "percent_statements_covered_display": "92", "num_branches": 10, "num_partial_branches": 1, "covered_branches": 9, "missing_branches": 1, "percent_branches_covered": 90.0, "percent_branches_covered_display": "90"}, "missing_lines": [33], "excluded_lines": [], "start_line": 21, "executed_branches": [[22, 23], [22, 24], [25, 26], [25, 31], [26, 27], [26, 28], [28, 29], [28, 30], [32, 34]], "missing_branches": [[32, 33]]}, "translate": {"executed_lines": [38, 39, 40, 42, 43, 44, 47, 48, 49, 50, 51, 52, 53, 56, 57], "summary": {"covered_lines": 15, "num_statements": 18, "percent_covered": 84.61538461538461, "percent_covered_display": "85", "missing_lines": 3, "excluded_lines": 0, "percent_statements_covered": 83.33333333333333, "percent_statements_covered_display": "83", "num_branches": 8, "num_partial_branches": 1, "covered_branches": 7, "missing_branches": 1, "percent_branches_covered": 87.5, "percent_branches_covered_display": "88"}, "missing_lines": [41, 54, 55], "excluded_lines": [], "start_line": 37, "executed_branches": [[40, 42], [42, 43], [42, 44], [47, 48], [47, 49], [51, 52], [51, 53]], "missing_branches": [[40, 41]]}, "main": {"executed_lines": [61, 62, 63, 64, 65, 66, 67, 68, 69, 71, 72, 74, 75, 76, 77, 78], "summary": {"covered_lines": 16, "num_statements": 20, "percent_covered": 75.0, "percent_covered_display": "75", "missing_lines": 4, "excluded_lines": 0, "percent_statements_covered": 80.0, "percent_statements_covered_display": "80", "num_branches": 4, "num_partial_branches": 2, "covered_branches": 2, "missing_branches": 2, "percent_branches_covered": 50.0, "percent_branches_covered_display": "50"}, "missing_lines": [70, 73, 79, 80], "excluded_lines": [], "start_line": 60, "executed_branches": [[69, 71], [72, 74]], "missing_branches": [[69, 70], [72, 73]]}, "": {"executed_lines": [6, 8, 9, 10, 11, 12, 13, 15, 16, 17, 18, 21, 37, 60, 83], "summary": {"covered_lines": 15, "num_statements": 16, "percent_covered": 88.88888888888889, "percent_covered_display": "89", "missing_lines": 1, "excluded_lines": 0, "percent_statements_covered": 93.75, "percent_statements_covered_display": "94", "num_branches": 2, "num_partial_branches": 1, "covered_branches": 1, "missing_branches": 1, "percent_branches_covered": 50.0, "percent_branches_covered_display": "50"}, "missing_lines": [84], "excluded_lines": [], "start_line": 1, "executed_branches": [[83, -1]], "missing_branches": [[83, 84]]}}, "classes": {"": {"executed_lines": [6, 8, 9, 10, 11, 12, 13, 15, 16, 17, 18, 21, 22, 23, 24, 25, 26, 27, 28, 29, 30, 31, 32, 34, 37, 38, 39, 40, 42, 43, 44, 47, 48, 49, 50, 51, 52, 53, 56, 57, 60, 61, 62, 63, 64, 65, 66, 67, 68, 69, 71, 72, 74, 75, 76, 77, 78, 83], "summary": {"covered_lines": 58, "num_statements": 67, "percent_covered": 84.61538461538461, "percent_covered_display": "85", "missing_lines": 9, "excluded_lines": 0, "percent_statements_covered": 86.56716417910448, "percent_statements_covered_display": "87", "num_branches": 24, "num_partial_branches": 5, "covered_branches": 19, "missing_branches": 5, "percent_branches_covered": 79.16666666666667, "percent_branches_covered_display": "79"}, "missing_lines": [33, 41, 54, 55, 70, 73, 79, 80, 84], "excluded_lines": [], "start_line": 1, "executed_branches": [[22, 23], [22, 24], [25, 26], [25, 31], [26, 27], [26, 28], [28, 29], [28, 30], [32, 34], [40, 42], [42, 43], [42, 44], [47, 48], [47, 49], [51, 52], [51, 53], [69, 71], [72, 74], [83, -1]], "missing_branches": [[32, 33], [40, 41], [69, 70], [72, 73], [83, 84]]}}}, "src/future_code/context.py": {"executed_lines": [7, 9, 10, 11, 13, 14, 15, 18, 19, 20, 21, 22, 25, 26, 27, 30, 31, 32, 35, 36, 37, 40, 43, 46, 47, 59, 60, 61, 62, 63, 64, 66, 69, 70, 71, 72, 73, 76, 77, 78, 79, 80, 81, 85, 88, 89, 90, 91, 92, 93, 94, 95, 96, 97, 98, 99, 100, 101, 102, 103, 105, 106, 107, 108, 109, 110, 111, 112, 114, 115, 116, 117, 118, 119], "summary": {"covered_lines": 74, "num_statements": 76, "percent_covered": 96.22641509433963, "percent_covered_display": "96", "missing_lines": 2, "excluded_lines": 0, "percent_statements_covered": 97.36842105263158, "percent_statements_covered_display": "97", "num_branches": 30, "num_partial_branches": 2, "covered_branches": 28, "missing_branches": 2, "percent_branches_covered": 93.33333333333333, "percent_branches_covered_display": "93"}, "missing_lines": [82, 83], "excluded_lines": [], "executed_branches": [[36, -35], [36, 37], [59, 60], [59, 61], [61, 62], [61, 63], [70, 71], [70, 85], [72, 73], [78, 72], [78, 79], [81, 85], [88, 89], [88, 97], [92, 93], [92, 96], [97, 98], [97, 105], [100, 97], [100, 101], [105, 106], [105, 117], [106, 107], [106, 117], [107, 108], [107, 109], [111, 112], [111, 114]], "missing_branches": [[72, 81], [81, 82]], "functions": {"request_size": {"executed_lines": [26, 27], "summary": {"covered_lines": 2, "num_statements": 2, "percent_covered": 100.0, "percent_covered_display": "100", "missing_lines": 0, "excluded_lines": 0, "percent_statements_covered": 100.0, "percent_statements_covered_display": "100", "num_branches": 0, "num_partial_branches": 0, "covered_branches": 0, "missing_branches": 0, "percent_branches_covered": 100.0, "percent_branches_covered_display": "100"}, "missing_lines": [], "excluded_lines": [], "start_line": 25, "executed_branches": [], "missing_branches": []}, "fits": {"executed_lines": [31, 32], "summary": {"covered_lines": 2, "num_statements": 2, "percent_covered": 100.0, "percent_covered_display": "100", "missing_lines": 0, "excluded_lines": 0, "percent_statements_covered": 100.0, "percent_statements_covered_display": "100", "num_branches": 0, "num_partial_branches": 0, "covered_branches": 0, "missing_branches": 0, "percent_branches_covered": 100.0, "percent_branches_covered_display": "100"}, "missing_lines": [], "excluded_lines": [], "start_line": 30, "executed_branches": [], "missing_branches": []}, "enforce_bounds": {"executed_lines": [36, 37], "summary": {"covered_lines": 2, "num_statements": 2, "percent_covered": 100.0, "percent_covered_display": "100", "missing_lines": 0, "excluded_lines": 0, "percent_statements_covered": 100.0, "percent_statements_covered_display": "100", "num_branches": 2, "num_partial_branches": 0, "covered_branches": 2, "missing_branches": 0, "percent_branches_covered": 100.0, "percent_branches_covered_display": "100"}, "missing_lines": [], "excluded_lines": [], "start_line": 35, "executed_branches": [[36, -35], [36, 37]], "missing_branches": []}, "build_context": {"executed_lines": [43, 46, 47, 59, 60, 61, 62, 63, 66, 69, 70, 71, 72, 73, 76, 77, 78, 79, 80, 81, 85, 88, 89, 90, 91, 92, 93, 94, 95, 96, 97, 98, 99, 100, 101, 102, 103, 105, 106, 107, 108, 109, 110, 111, 112, 114, 115, 116, 117, 118, 119], "summary": {"covered_lines": 51, "num_statements": 53, "percent_covered": 95.06172839506173, "percent_covered_display": "95", "missing_lines": 2, "excluded_lines": 0, "percent_statements_covered": 96.22641509433963, "percent_statements_covered_display": "96", "num_branches": 28, "num_partial_branches": 2, "covered_branches": 26, "missing_branches": 2, "percent_branches_covered": 92.85714285714286, "percent_branches_covered_display": "93"}, "missing_lines": [82, 83], "excluded_lines": [], "start_line": 40, "executed_branches": [[59, 60], [59, 61], [61, 62], [61, 63], [70, 71], [70, 85], [72, 73], [78, 72], [78, 79], [81, 85], [88, 89], [88, 97], [92, 93], [92, 96], [97, 98], [97, 105], [100, 97], [100, 101], [105, 106], [105, 117], [106, 107], [106, 117], [107, 108], [107, 109], [111, 112], [111, 114]], "missing_branches": [[72, 81], [81, 82]]}, "build_context.render": {"executed_lines": [64], "summary": {"covered_lines": 1, "num_statements": 1, "percent_covered": 100.0, "percent_covered_display": "100", "missing_lines": 0, "excluded_lines": 0, "percent_statements_covered": 100.0, "percent_statements_covered_display": "100", "num_branches": 0, "num_partial_branches": 0, "covered_branches": 0, "missing_branches": 0, "percent_branches_covered": 100.0, "percent_branches_covered_display": "100"}, "missing_lines": [], "excluded_lines": [], "start_line": 63, "executed_branches": [], "missing_branches": []}, "": {"executed_lines": [7, 9, 10, 11, 13, 14, 15, 18, 19, 20, 21, 22, 25, 30, 35, 40], "summary": {"covered_lines": 16, "num_statements": 16, "percent_covered": 100.0, "percent_covered_display": "100", "missing_lines": 0, "excluded_lines": 0, "percent_statements_covered": 100.0, "percent_statements_covered_display": "100", "num_branches": 0, "num_partial_branches": 0, "covered_branches": 0, "missing_branches": 0, "percent_branches_covered": 100.0, "percent_branches_covered_display": "100"}, "missing_lines": [], "excluded_lines": [], "start_line": 1, "executed_branches": [], "missing_branches": []}}, "classes": {"ContextPacket": {"executed_lines": [], "summary": {"covered_lines": 0, "num_statements": 0, "percent_covered": 100.0, "percent_covered_display": "100", "missing_lines": 0, "excluded_lines": 0, "percent_statements_covered": 100.0, "percent_statements_covered_display": "100", "num_branches": 0, "num_partial_branches": 0, "covered_branches": 0, "missing_branches": 0, "percent_branches_covered": 100.0, "percent_branches_covered_display": "100"}, "missing_lines": [], "excluded_lines": [], "start_line": 19, "executed_branches": [], "missing_branches": []}, "": {"executed_lines": [7, 9, 10, 11, 13, 14, 15, 18, 19, 20, 21, 22, 25, 26, 27, 30, 31, 32, 35, 36, 37, 40, 43, 46, 47, 59, 60, 61, 62, 63, 64, 66, 69, 70, 71, 72, 73, 76, 77, 78, 79, 80, 81, 85, 88, 89, 90, 91, 92, 93, 94, 95, 96, 97, 98, 99, 100, 101, 102, 103, 105, 106, 107, 108, 109, 110, 111, 112, 114, 115, 116, 117, 118, 119], "summary": {"covered_lines": 74, "num_statements": 76, "percent_covered": 96.22641509433963, "percent_covered_display": "96", "missing_lines": 2, "excluded_lines": 0, "percent_statements_covered": 97.36842105263158, "percent_statements_covered_display": "97", "num_branches": 30, "num_partial_branches": 2, "covered_branches": 28, "missing_branches": 2, "percent_branches_covered": 93.33333333333333, "percent_branches_covered_display": "93"}, "missing_lines": [82, 83], "excluded_lines": [], "start_line": 1, "executed_branches": [[36, -35], [36, 37], [59, 60], [59, 61], [61, 62], [61, 63], [70, 71], [70, 85], [72, 73], [78, 72], [78, 79], [81, 85], [88, 89], [88, 97], [92, 93], [92, 96], [97, 98], [97, 105], [100, 97], [100, 101], [105, 106], [105, 117], [106, 107], [106, 117], [107, 108], [107, 109], [111, 112], [111, 114]], "missing_branches": [[72, 81], [81, 82]]}}}, "src/future_code/contracts.py": {"executed_lines": [2, 4, 5, 6, 7, 8, 9, 10, 13, 17, 21, 25, 29, 30, 31, 32, 33, 35, 38, 39, 40, 41, 44, 45, 46, 47, 48, 49, 50, 51, 52, 55, 56, 57, 61, 62, 65, 66, 69, 70, 71, 72, 75, 76, 78, 79, 80, 83, 84, 86, 89, 90, 91, 92, 93, 94, 95, 96, 97, 98, 99, 100, 101, 102, 103, 104, 105, 106, 108, 109, 110, 111, 112, 113, 114, 116, 117, 118, 119, 120, 121, 122, 123, 124, 125, 126, 127, 128, 129, 130, 131, 132, 133, 135, 136, 137, 138, 139, 141, 142, 143, 144, 146, 147, 148, 149, 150, 151, 152, 154, 155, 158, 159, 160, 161, 162, 164, 165, 166, 167, 168, 170, 171, 172, 175, 176, 177, 178, 179, 180, 181, 182, 183, 184, 185, 186, 188, 189, 190, 191, 192, 193, 194, 195, 196, 197, 198, 199, 200, 202, 203, 205, 206, 207, 208, 211, 212, 213, 214, 215, 216, 217, 218, 220, 221, 222, 223, 224, 225, 226, 227, 228, 229, 230, 231, 232, 233, 234, 235, 236, 237, 238, 239, 240, 241, 242, 243, 244, 245, 246, 247, 248, 249, 251, 252, 261, 262, 263, 264, 265, 266, 267, 268, 269, 270, 271, 272, 273, 274, 275, 276, 277, 278, 279, 280, 281, 283, 284, 285, 286, 287, 288, 290, 291, 292, 293, 295, 296, 297, 298, 299, 300, 301, 302, 305, 306, 307, 309, 310, 311, 312, 313, 314, 315, 316, 317, 319, 320, 321, 322, 323, 324, 325, 326, 327, 328, 329, 330, 331, 332, 333, 336, 337, 338, 339, 340, 341, 343, 344], "summary": {"covered_lines": 269, "num_statements": 282, "percent_covered": 93.47826086956522, "percent_covered_display": "93", "missing_lines": 13, "excluded_lines": 0, "percent_statements_covered": 95.39007092198581, "percent_statements_covered_display": "95", "num_branches": 132, "num_partial_branches": 14, "covered_branches": 118, "missing_branches": 14, "percent_branches_covered": 89.39393939393939, "percent_branches_covered_display": "89"}, "missing_lines": [77, 85, 115, 140, 169, 201, 204, 282, 289, 294, 303, 308, 334], "excluded_lines": [], "executed_branches": [[39, 40], [39, 41], [45, 46], [45, 47], [48, 49], [48, 50], [50, 51], [50, 52], [70, 71], [70, 72], [76, 78], [79, -75], [79, 80], [84, 86], [112, 113], [112, 118], [114, 116], [116, 112], [116, 117], [118, 119], [118, 120], [120, 121], [120, 122], [123, 124], [123, 125], [125, 126], [125, 127], [127, 128], [127, 129], [129, 130], [129, 131], [131, 132], [131, 133], [133, 135], [133, 138], [136, 133], [136, 137], [139, 141], [141, 142], [141, 143], [143, -108], [143, 144], [165, 166], [165, 167], [168, 170], [170, 171], [170, 172], [191, 192], [191, 193], [194, 195], [194, 196], [196, 197], [196, 200], [198, 199], [198, 200], [200, 202], [202, 203], [202, 207], [203, 205], [205, 206], [207, -188], [207, 208], [261, 262], [261, 265], [263, 261], [263, 264], [265, 266], [265, 267], [267, 268], [267, 269], [269, 270], [269, 271], [271, 272], [271, 273], [273, 274], [273, 275], [275, 276], [275, 277], [277, 278], [277, 279], [279, 280], [279, 281], [281, 283], [283, 284], [283, 286], [284, 285], [286, 287], [286, 290], [288, 286], [290, 291], [290, 292], [292, 293], [292, 295], [293, 292], [295, 296], [295, 297], [298, 299], [298, 300], [300, 301], [300, 302], [302, -251], [307, 309], [309, 310], [309, 311], [311, 312], [311, 313], [314, 315], [314, 316], [316, -305], [316, 317], [324, 325], [324, 328], [325, 324], [325, 326], [328, 329], [328, 332], [329, 330], [329, 331]], "missing_branches": [[76, 77], [84, 85], [114, 115], [139, 140], [168, 169], [200, 201], [203, 204], [205, 202], [281, 282], [284, 286], [288, 289], [293, 294], [302, 303], [307, 308]], "functions": {"identifier": {"executed_lines": [39, 40, 41], "summary": {"covered_lines": 3, "num_statements": 3, "percent_covered": 100.0, "percent_covered_display": "100", "missing_lines": 0, "excluded_lines": 0, "percent_statements_covered": 100.0, "percent_statements_covered_display": "100", "num_branches": 2, "num_partial_branches": 0, "covered_branches": 2, "missing_branches": 0, "percent_branches_covered": 100.0, "percent_branches_covered_display": "100"}, "missing_lines": [], "excluded_lines": [], "start_line": 38, "executed_branches": [[39, 40], [39, 41]], "missing_branches": []}, "relative_path": {"executed_lines": [45, 46, 47, 48, 49, 50, 51, 52], "summary": {"covered_lines": 8, "num_statements": 8, "percent_covered": 100.0, "percent_covered_display": "100", "missing_lines": 0, "excluded_lines": 0, "percent_statements_covered": 100.0, "percent_statements_covered_display": "100", "num_branches": 6, "num_partial_branches": 0, "covered_branches": 6, "missing_branches": 0, "percent_branches_covered": 100.0, "percent_branches_covered_display": "100"}, "missing_lines": [], "excluded_lines": [], "start_line": 44, "executed_branches": [[45, 46], [45, 47], [48, 49], [48, 50], [50, 51], [50, 52]], "missing_branches": []}, "is_secret_path": {"executed_lines": [56, 57], "summary": {"covered_lines": 2, "num_statements": 2, "percent_covered": 100.0, "percent_covered_display": "100", "missing_lines": 0, "excluded_lines": 0, "percent_statements_covered": 100.0, "percent_statements_covered_display": "100", "num_branches": 0, "num_partial_branches": 0, "covered_branches": 0, "missing_branches": 0, "percent_branches_covered": 100.0, "percent_branches_covered_display": "100"}, "missing_lines": [], "excluded_lines": [], "start_line": 55, "executed_branches": [], "missing_branches": []}, "within_scope": {"executed_lines": [62], "summary": {"covered_lines": 1, "num_statements": 1, "percent_covered": 100.0, "percent_covered_display": "100", "missing_lines": 0, "excluded_lines": 0, "percent_statements_covered": 100.0, "percent_statements_covered_display": "100", "num_branches": 0, "num_partial_branches": 0, "covered_branches": 0, "missing_branches": 0, "percent_branches_covered": 100.0, "percent_branches_covered_display": "100"}, "missing_lines": [], "excluded_lines": [], "start_line": 61, "executed_branches": [], "missing_branches": []}, "overlaps": {"executed_lines": [66], "summary": {"covered_lines": 1, "num_statements": 1, "percent_covered": 100.0, "percent_covered_display": "100", "missing_lines": 0, "excluded_lines": 0, "percent_statements_covered": 100.0, "percent_statements_covered_display": "100", "num_branches": 0, "num_partial_branches": 0, "covered_branches": 0, "missing_branches": 0, "percent_branches_covered": 100.0, "percent_branches_covered_display": "100"}, "missing_lines": [], "excluded_lines": [], "start_line": 65, "executed_branches": [], "missing_branches": []}, "finite_number": {"executed_lines": [70, 71, 72], "summary": {"covered_lines": 3, "num_statements": 3, "percent_covered": 100.0, "percent_covered_display": "100", "missing_lines": 0, "excluded_lines": 0, "percent_statements_covered": 100.0, "percent_statements_covered_display": "100", "num_branches": 2, "num_partial_branches": 0, "covered_branches": 2, "missing_branches": 0, "percent_branches_covered": 100.0, "percent_branches_covered_display": "100"}, "missing_lines": [], "excluded_lines": [], "start_line": 69, "executed_branches": [[70, 71], [70, 72]], "missing_branches": []}, "strict_keys": {"executed_lines": [76, 78, 79, 80], "summary": {"covered_lines": 4, "num_statements": 5, "percent_covered": 77.77777777777777, "percent_covered_display": "78", "missing_lines": 1, "excluded_lines": 0, "percent_statements_covered": 80.0, "percent_statements_covered_display": "80", "num_branches": 4, "num_partial_branches": 1, "covered_branches": 3, "missing_branches": 1, "percent_branches_covered": 75.0, "percent_branches_covered_display": "75"}, "missing_lines": [77], "excluded_lines": [], "start_line": 75, "executed_branches": [[76, 78], [79, -75], [79, 80]], "missing_branches": [[76, 77]]}, "bounded_text": {"executed_lines": [84, 86], "summary": {"covered_lines": 2, "num_statements": 3, "percent_covered": 60.0, "percent_covered_display": "60", "missing_lines": 1, "excluded_lines": 0, "percent_statements_covered": 66.66666666666667, "percent_statements_covered_display": "67", "num_branches": 2, "num_partial_branches": 1, "covered_branches": 1, "missing_branches": 1, "percent_branches_covered": 50.0, "percent_branches_covered_display": "50"}, "missing_lines": [85], "excluded_lines": [], "start_line": 83, "executed_branches": [[84, 86]], "missing_branches": [[84, 85]]}, "TaskSpec.__post_init__": {"executed_lines": [109, 110, 111, 112, 113, 114, 116, 117, 118, 119, 120, 121, 122, 123, 124, 125, 126, 127, 128, 129, 130, 131, 132, 133, 135, 136, 137, 138, 139, 141, 142, 143, 144], "summary": {"covered_lines": 33, "num_statements": 35, "percent_covered": 93.84615384615384, "percent_covered_display": "94", "missing_lines": 2, "excluded_lines": 0, "percent_statements_covered": 94.28571428571429, "percent_statements_covered_display": "94", "num_branches": 30, "num_partial_branches": 2, "covered_branches": 28, "missing_branches": 2, "percent_branches_covered": 93.33333333333333, "percent_branches_covered_display": "93"}, "missing_lines": [115, 140], "excluded_lines": [], "start_line": 108, "executed_branches": [[112, 113], [112, 118], [114, 116], [116, 112], [116, 117], [118, 119], [118, 120], [120, 121], [120, 122], [123, 124], [123, 125], [125, 126], [125, 127], [127, 128], [127, 129], [129, 130], [129, 131], [131, 132], [131, 133], [133, 135], [133, 138], [136, 133], [136, 137], [139, 141], [141, 142], [141, 143], [143, -108], [143, 144]], "missing_branches": [[114, 115], [139, 140]]}, "TaskSpec.from_dict": {"executed_lines": [148, 149, 150, 151, 152], "summary": {"covered_lines": 5, "num_statements": 5, "percent_covered": 100.0, "percent_covered_display": "100", "missing_lines": 0, "excluded_lines": 0, "percent_statements_covered": 100.0, "percent_statements_covered_display": "100", "num_branches": 0, "num_partial_branches": 0, "covered_branches": 0, "missing_branches": 0, "percent_branches_covered": 100.0, "percent_branches_covered_display": "100"}, "missing_lines": [], "excluded_lines": [], "start_line": 147, "executed_branches": [], "missing_branches": []}, "TaskSpec.to_dict": {"executed_lines": [155], "summary": {"covered_lines": 1, "num_statements": 1, "percent_covered": 100.0, "percent_covered_display": "100", "missing_lines": 0, "excluded_lines": 0, "percent_statements_covered": 100.0, "percent_statements_covered_display": "100", "num_branches": 0, "num_partial_branches": 0, "covered_branches": 0, "missing_branches": 0, "percent_branches_covered": 100.0, "percent_branches_covered_display": "100"}, "missing_lines": [], "excluded_lines": [], "start_line": 154, "executed_branches": [], "missing_branches": []}, "GateSpec.__post_init__": {"executed_lines": [165, 166, 167, 168, 170, 171, 172], "summary": {"covered_lines": 7, "num_statements": 8, "percent_covered": 85.71428571428571, "percent_covered_display": "86", "missing_lines": 1, "excluded_lines": 0, "percent_statements_covered": 87.5, "percent_statements_covered_display": "88", "num_branches": 6, "num_partial_branches": 1, "covered_branches": 5, "missing_branches": 1, "percent_branches_covered": 83.33333333333333, "percent_branches_covered_display": "83"}, "missing_lines": [169], "excluded_lines": [], "start_line": 164, "executed_branches": [[165, 166], [165, 167], [168, 170], [170, 171], [170, 172]], "missing_branches": [[168, 169]]}, "Endpoint.__post_init__": {"executed_lines": [189, 190, 191, 192, 193, 194, 195, 196, 197, 198, 199, 200, 202, 203, 205, 206, 207, 208], "summary": {"covered_lines": 18, "num_statements": 20, "percent_covered": 86.84210526315789, "percent_covered_display": "87", "missing_lines": 2, "excluded_lines": 0, "percent_statements_covered": 90.0, "percent_statements_covered_display": "90", "num_branches": 18, "num_partial_branches": 3, "covered_branches": 15, "missing_branches": 3, "percent_branches_covered": 83.33333333333333, "percent_branches_covered_display": "83"}, "missing_lines": [201, 204], "excluded_lines": [], "start_line": 188, "executed_branches": [[191, 192], [191, 193], [194, 195], [194, 196], [196, 197], [196, 200], [198, 199], [198, 200], [200, 202], [202, 203], [202, 207], [203, 205], [205, 206], [207, -188], [207, 208]], "missing_branches": [[200, 201], [203, 204], [205, 202]]}, "Config.__post_init__": {"executed_lines": [252, 261, 262, 263, 264, 265, 266, 267, 268, 269, 270, 271, 272, 273, 274, 275, 276, 277, 278, 279, 280, 281, 283, 284, 285, 286, 287, 288, 290, 291, 292, 293, 295, 296, 297, 298, 299, 300, 301, 302], "summary": {"covered_lines": 40, "num_statements": 44, "percent_covered": 89.77272727272727, "percent_covered_display": "90", "missing_lines": 4, "excluded_lines": 0, "percent_statements_covered": 90.9090909090909, "percent_statements_covered_display": "91", "num_branches": 44, "num_partial_branches": 5, "covered_branches": 39, "missing_branches": 5, "percent_branches_covered": 88.63636363636364, "percent_branches_covered_display": "89"}, "missing_lines": [282, 289, 294, 303], "excluded_lines": [], "start_line": 251, "executed_branches": [[261, 262], [261, 265], [263, 261], [263, 264], [265, 266], [265, 267], [267, 268], [267, 269], [269, 270], [269, 271], [271, 272], [271, 273], [273, 274], [273, 275], [275, 276], [275, 277], [277, 278], [277, 279], [279, 280], [279, 281], [281, 283], [283, 284], [283, 286], [284, 285], [286, 287], [286, 290], [288, 286], [290, 291], [290, 292], [292, 293], [292, 295], [293, 292], [295, 296], [295, 297], [298, 299], [298, 300], [300, 301], [300, 302], [302, -251]], "missing_branches": [[281, 282], [284, 286], [288, 289], [293, 294], [302, 303]]}, "Config.validate_task": {"executed_lines": [306, 307, 309, 310, 311, 312, 313, 314, 315, 316, 317], "summary": {"covered_lines": 11, "num_statements": 12, "percent_covered": 90.9090909090909, "percent_covered_display": "91", "missing_lines": 1, "excluded_lines": 0, "percent_statements_covered": 91.66666666666667, "percent_statements_covered_display": "92", "num_branches": 10, "num_partial_branches": 1, "covered_branches": 9, "missing_branches": 1, "percent_branches_covered": 90.0, "percent_branches_covered_display": "90"}, "missing_lines": [308], "excluded_lines": [], "start_line": 305, "executed_branches": [[307, 309], [309, 310], [309, 311], [311, 312], [311, 313], [314, 315], [314, 316], [316, -305], [316, 317]], "missing_branches": [[307, 308]]}, "Config.from_dict": {"executed_lines": [321, 322, 323, 324, 325, 326, 327, 328, 329, 330, 331, 332, 333], "summary": {"covered_lines": 13, "num_statements": 14, "percent_covered": 95.45454545454545, "percent_covered_display": "95", "missing_lines": 1, "excluded_lines": 0, "percent_statements_covered": 92.85714285714286, "percent_statements_covered_display": "93", "num_branches": 8, "num_partial_branches": 0, "covered_branches": 8, "missing_branches": 0, "percent_branches_covered": 100.0, "percent_branches_covered_display": "100"}, "missing_lines": [334], "excluded_lines": [], "start_line": 320, "executed_branches": [[324, 325], [324, 328], [325, 324], [325, 326], [328, 329], [328, 332], [329, 330], [329, 331]], "missing_branches": []}, "Config.load": {"executed_lines": [338, 339, 340, 341], "summary": {"covered_lines": 4, "num_statements": 4, "percent_covered": 100.0, "percent_covered_display": "100", "missing_lines": 0, "excluded_lines": 0, "percent_statements_covered": 100.0, "percent_statements_covered_display": "100", "num_branches": 0, "num_partial_branches": 0, "covered_branches": 0, "missing_branches": 0, "percent_branches_covered": 100.0, "percent_branches_covered_display": "100"}, "missing_lines": [], "excluded_lines": [], "start_line": 337, "executed_branches": [], "missing_branches": []}, "Config.to_dict": {"executed_lines": [344], "summary": {"covered_lines": 1, "num_statements": 1, "percent_covered": 100.0, "percent_covered_display": "100", "missing_lines": 0, "excluded_lines": 0, "percent_statements_covered": 100.0, "percent_statements_covered_display": "100", "num_branches": 0, "num_partial_branches": 0, "covered_branches": 0, "missing_branches": 0, "percent_branches_covered": 100.0, "percent_branches_covered_display": "100"}, "missing_lines": [], "excluded_lines": [], "start_line": 343, "executed_branches": [], "missing_branches": []}, "": {"executed_lines": [2, 4, 5, 6, 7, 8, 9, 10, 13, 17, 21, 25, 29, 30, 31, 32, 33, 35, 38, 44, 55, 61, 65, 69, 75, 83, 89, 90, 91, 92, 93, 94, 95, 96, 97, 98, 99, 100, 101, 102, 103, 104, 105, 106, 108, 146, 147, 154, 158, 159, 160, 161, 162, 164, 175, 176, 177, 178, 179, 180, 181, 182, 183, 184, 185, 186, 188, 211, 212, 213, 214, 215, 216, 217, 218, 220, 221, 222, 223, 224, 225, 226, 227, 228, 229, 230, 231, 232, 233, 234, 235, 236, 237, 238, 239, 240, 241, 242, 243, 244, 245, 246, 247, 248, 249, 251, 305, 319, 320, 336, 337, 343], "summary": {"covered_lines": 112, "num_statements": 112, "percent_covered": 100.0, "percent_covered_display": "100", "missing_lines": 0, "excluded_lines": 0, "percent_statements_covered": 100.0, "percent_statements_covered_display": "100", "num_branches": 0, "num_partial_branches": 0, "covered_branches": 0, "missing_branches": 0, "percent_branches_covered": 100.0, "percent_branches_covered_display": "100"}, "missing_lines": [], "excluded_lines": [], "start_line": 1, "executed_branches": [], "missing_branches": []}}, "classes": {"ContractError": {"executed_lines": [], "summary": {"covered_lines": 0, "num_statements": 0, "percent_covered": 100.0, "percent_covered_display": "100", "missing_lines": 0, "excluded_lines": 0, "percent_statements_covered": 100.0, "percent_statements_covered_display": "100", "num_branches": 0, "num_partial_branches": 0, "covered_branches": 0, "missing_branches": 0, "percent_branches_covered": 100.0, "percent_branches_covered_display": "100"}, "missing_lines": [], "excluded_lines": [], "start_line": 13, "executed_branches": [], "missing_branches": []}, "BudgetExceeded": {"executed_lines": [], "summary": {"covered_lines": 0, "num_statements": 0, "percent_covered": 100.0, "percent_covered_display": "100", "missing_lines": 0, "excluded_lines": 0, "percent_statements_covered": 100.0, "percent_statements_covered_display": "100", "num_branches": 0, "num_partial_branches": 0, "covered_branches": 0, "missing_branches": 0, "percent_branches_covered": 100.0, "percent_branches_covered_display": "100"}, "missing_lines": [], "excluded_lines": [], "start_line": 17, "executed_branches": [], "missing_branches": []}, "ConflictError": {"executed_lines": [], "summary": {"covered_lines": 0, "num_statements": 0, "percent_covered": 100.0, "percent_covered_display": "100", "missing_lines": 0, "excluded_lines": 0, "percent_statements_covered": 100.0, "percent_statements_covered_display": "100", "num_branches": 0, "num_partial_branches": 0, "covered_branches": 0, "missing_branches": 0, "percent_branches_covered": 100.0, "percent_branches_covered_display": "100"}, "missing_lines": [], "excluded_lines": [], "start_line": 21, "executed_branches": [], "missing_branches": []}, "FencedError": {"executed_lines": [], "summary": {"covered_lines": 0, "num_statements": 0, "percent_covered": 100.0, "percent_covered_display": "100", "missing_lines": 0, "excluded_lines": 0, "percent_statements_covered": 100.0, "percent_statements_covered_display": "100", "num_branches": 0, "num_partial_branches": 0, "covered_branches": 0, "missing_branches": 0, "percent_branches_covered": 100.0, "percent_branches_covered_display": "100"}, "missing_lines": [], "excluded_lines": [], "start_line": 25, "executed_branches": [], "missing_branches": []}, "TaskSpec": {"executed_lines": [109, 110, 111, 112, 113, 114, 116, 117, 118, 119, 120, 121, 122, 123, 124, 125, 126, 127, 128, 129, 130, 131, 132, 133, 135, 136, 137, 138, 139, 141, 142, 143, 144, 148, 149, 150, 151, 152, 155], "summary": {"covered_lines": 39, "num_statements": 41, "percent_covered": 94.36619718309859, "percent_covered_display": "94", "missing_lines": 2, "excluded_lines": 0, "percent_statements_covered": 95.1219512195122, "percent_statements_covered_display": "95", "num_branches": 30, "num_partial_branches": 2, "covered_branches": 28, "missing_branches": 2, "percent_branches_covered": 93.33333333333333, "percent_branches_covered_display": "93"}, "missing_lines": [115, 140], "excluded_lines": [], "start_line": 90, "executed_branches": [[112, 113], [112, 118], [114, 116], [116, 112], [116, 117], [118, 119], [118, 120], [120, 121], [120, 122], [123, 124], [123, 125], [125, 126], [125, 127], [127, 128], [127, 129], [129, 130], [129, 131], [131, 132], [131, 133], [133, 135], [133, 138], [136, 133], [136, 137], [139, 141], [141, 142], [141, 143], [143, -108], [143, 144]], "missing_branches": [[114, 115], [139, 140]]}, "GateSpec": {"executed_lines": [165, 166, 167, 168, 170, 171, 172], "summary": {"covered_lines": 7, "num_statements": 8, "percent_covered": 85.71428571428571, "percent_covered_display": "86", "missing_lines": 1, "excluded_lines": 0, "percent_statements_covered": 87.5, "percent_statements_covered_display": "88", "num_branches": 6, "num_partial_branches": 1, "covered_branches": 5, "missing_branches": 1, "percent_branches_covered": 83.33333333333333, "percent_branches_covered_display": "83"}, "missing_lines": [169], "excluded_lines": [], "start_line": 159, "executed_branches": [[165, 166], [165, 167], [168, 170], [170, 171], [170, 172]], "missing_branches": [[168, 169]]}, "Endpoint": {"executed_lines": [189, 190, 191, 192, 193, 194, 195, 196, 197, 198, 199, 200, 202, 203, 205, 206, 207, 208], "summary": {"covered_lines": 18, "num_statements": 20, "percent_covered": 86.84210526315789, "percent_covered_display": "87", "missing_lines": 2, "excluded_lines": 0, "percent_statements_covered": 90.0, "percent_statements_covered_display": "90", "num_branches": 18, "num_partial_branches": 3, "covered_branches": 15, "missing_branches": 3, "percent_branches_covered": 83.33333333333333, "percent_branches_covered_display": "83"}, "missing_lines": [201, 204], "excluded_lines": [], "start_line": 176, "executed_branches": [[191, 192], [191, 193], [194, 195], [194, 196], [196, 197], [196, 200], [198, 199], [198, 200], [200, 202], [202, 203], [202, 207], [203, 205], [205, 206], [207, -188], [207, 208]], "missing_branches": [[200, 201], [203, 204], [205, 202]]}, "Config": {"executed_lines": [252, 261, 262, 263, 264, 265, 266, 267, 268, 269, 270, 271, 272, 273, 274, 275, 276, 277, 278, 279, 280, 281, 283, 284, 285, 286, 287, 288, 290, 291, 292, 293, 295, 296, 297, 298, 299, 300, 301, 302, 306, 307, 309, 310, 311, 312, 313, 314, 315, 316, 317, 321, 322, 323, 324, 325, 326, 327, 328, 329, 330, 331, 332, 333, 338, 339, 340, 341, 344], "summary": {"covered_lines": 69, "num_statements": 75, "percent_covered": 91.24087591240875, "percent_covered_display": "91", "missing_lines": 6, "excluded_lines": 0, "percent_statements_covered": 92.0, "percent_statements_covered_display": "92", "num_branches": 62, "num_partial_branches": 6, "covered_branches": 56, "missing_branches": 6, "percent_branches_covered": 90.3225806451613, "percent_branches_covered_display": "90"}, "missing_lines": [282, 289, 294, 303, 308, 334], "excluded_lines": [], "start_line": 212, "executed_branches": [[261, 262], [261, 265], [263, 261], [263, 264], [265, 266], [265, 267], [267, 268], [267, 269], [269, 270], [269, 271], [271, 272], [271, 273], [273, 274], [273, 275], [275, 276], [275, 277], [277, 278], [277, 279], [279, 280], [279, 281], [281, 283], [283, 284], [283, 286], [284, 285], [286, 287], [286, 290], [288, 286], [290, 291], [290, 292], [292, 293], [292, 295], [293, 292], [295, 296], [295, 297], [298, 299], [298, 300], [300, 301], [300, 302], [302, -251], [307, 309], [309, 310], [309, 311], [311, 312], [311, 313], [314, 315], [314, 316], [316, -305], [316, 317], [324, 325], [324, 328], [325, 324], [325, 326], [328, 329], [328, 332], [329, 330], [329, 331]], "missing_branches": [[281, 282], [284, 286], [288, 289], [293, 294], [302, 303], [307, 308]]}, "": {"executed_lines": [2, 4, 5, 6, 7, 8, 9, 10, 13, 17, 21, 25, 29, 30, 31, 32, 33, 35, 38, 39, 40, 41, 44, 45, 46, 47, 48, 49, 50, 51, 52, 55, 56, 57, 61, 62, 65, 66, 69, 70, 71, 72, 75, 76, 78, 79, 80, 83, 84, 86, 89, 90, 91, 92, 93, 94, 95, 96, 97, 98, 99, 100, 101, 102, 103, 104, 105, 106, 108, 146, 147, 154, 158, 159, 160, 161, 162, 164, 175, 176, 177, 178, 179, 180, 181, 182, 183, 184, 185, 186, 188, 211, 212, 213, 214, 215, 216, 217, 218, 220, 221, 222, 223, 224, 225, 226, 227, 228, 229, 230, 231, 232, 233, 234, 235, 236, 237, 238, 239, 240, 241, 242, 243, 244, 245, 246, 247, 248, 249, 251, 305, 319, 320, 336, 337, 343], "summary": {"covered_lines": 136, "num_statements": 138, "percent_covered": 97.40259740259741, "percent_covered_display": "97", "missing_lines": 2, "excluded_lines": 0, "percent_statements_covered": 98.55072463768116, "percent_statements_covered_display": "99", "num_branches": 16, "num_partial_branches": 2, "covered_branches": 14, "missing_branches": 2, "percent_branches_covered": 87.5, "percent_branches_covered_display": "88"}, "missing_lines": [77, 85], "excluded_lines": [], "start_line": 1, "executed_branches": [[39, 40], [39, 41], [45, 46], [45, 47], [48, 49], [48, 50], [50, 51], [50, 52], [70, 71], [70, 72], [76, 78], [79, -75], [79, 80], [84, 86]], "missing_branches": [[76, 77], [84, 85]]}}}, "src/future_code/coordination.py": {"executed_lines": [6, 8, 9, 10, 11, 12, 14, 15, 18, 20, 21, 24, 33, 34, 35, 36, 37, 38, 39, 40, 41, 42, 43, 44, 45, 46, 47, 48, 49, 50, 51, 53, 54, 56, 66, 67, 69, 70, 71, 72, 73, 74, 75, 76, 77, 78, 79, 80, 81, 83, 84, 85, 86, 87, 88, 91, 98, 99, 100, 101, 102, 103, 104, 105, 106, 107, 108, 109, 110, 111, 112, 113, 119, 120, 121, 122, 123, 124, 125, 126, 127, 128, 129, 130, 132, 135, 137, 138, 140, 141, 142, 143, 144, 145, 146, 147, 148, 149, 151, 152, 154, 155, 157, 158, 160, 163, 165, 166, 167, 168, 169, 170, 171, 172, 174, 175, 177, 179, 183, 184, 185, 186, 189, 190, 191, 192, 205, 207, 208, 209, 210, 211, 212, 213, 214, 215, 216, 220, 221, 222, 231, 232, 233, 234, 236, 237, 238, 239, 240, 241, 242, 243, 244, 245, 246, 247, 248, 250, 251, 253, 255, 256, 257, 258, 259, 262, 268, 270, 271, 272, 273, 274, 275, 276, 277, 279, 280, 281, 282, 283, 284, 285, 286, 287, 288, 289, 291, 292, 293, 294, 295, 297, 298, 299, 300, 302, 303, 304], "summary": {"covered_lines": 198, "num_statements": 205, "percent_covered": 95.34883720930233, "percent_covered_display": "95", "missing_lines": 7, "excluded_lines": 0, "percent_statements_covered": 96.58536585365853, "percent_statements_covered_display": "97", "num_branches": 96, "num_partial_branches": 7, "covered_branches": 89, "missing_branches": 7, "percent_branches_covered": 92.70833333333333, "percent_branches_covered_display": "93"}, "missing_lines": [55, 82, 131, 159, 249, 278, 301], "excluded_lines": [], "executed_branches": [[34, 35], [34, 36], [36, 37], [36, 38], [38, 39], [38, 40], [41, 42], [41, 43], [43, 44], [43, 45], [46, 47], [46, 48], [54, 56], [66, -53], [66, 67], [69, 70], [69, 77], [72, 73], [72, 76], [79, 80], [79, 86], [81, 83], [84, 79], [84, 85], [100, 101], [100, 104], [102, 100], [102, 103], [107, 108], [107, 130], [119, 120], [119, 123], [121, 119], [121, 122], [126, 107], [126, 127], [128, 107], [128, 129], [130, 132], [142, 143], [142, 144], [144, 145], [144, 146], [146, 147], [146, 148], [148, 149], [148, 151], [151, 152], [151, 154], [158, 160], [167, 168], [167, 172], [168, 169], [168, 170], [183, 184], [183, 185], [208, 209], [208, 210], [211, 212], [211, 213], [233, 234], [233, 236], [239, 240], [239, 241], [241, 242], [241, 243], [245, 246], [245, 247], [248, 250], [257, 258], [257, 259], [272, 273], [272, 274], [274, 275], [274, 276], [277, 279], [281, 282], [281, 285], [285, 286], [285, 297], [286, 287], [286, 288], [288, 289], [288, 291], [292, 293], [292, 294], [299, 300], [299, 303], [300, 302]], "missing_branches": [[54, 55], [81, 82], [130, 131], [158, 159], [248, 249], [277, 278], [300, 301]], "functions": {"clip_utf8": {"executed_lines": [20, 21], "summary": {"covered_lines": 2, "num_statements": 2, "percent_covered": 100.0, "percent_covered_display": "100", "missing_lines": 0, "excluded_lines": 0, "percent_statements_covered": 100.0, "percent_statements_covered_display": "100", "num_branches": 0, "num_partial_branches": 0, "covered_branches": 0, "missing_branches": 0, "percent_branches_covered": 100.0, "percent_branches_covered_display": "100"}, "missing_lines": [], "excluded_lines": [], "start_line": 18, "executed_branches": [], "missing_branches": []}, "build_hierarchy": {"executed_lines": [33, 34, 35, 36, 37, 38, 39, 40, 41, 42, 43, 44, 45, 46, 47, 48, 49, 50, 51, 53, 69, 70, 71, 72, 73, 74, 75, 76, 77, 78, 79, 80, 81, 83, 84, 85, 86, 87, 88], "summary": {"covered_lines": 39, "num_statements": 40, "percent_covered": 96.7741935483871, "percent_covered_display": "97", "missing_lines": 1, "excluded_lines": 0, "percent_statements_covered": 97.5, "percent_statements_covered_display": "98", "num_branches": 22, "num_partial_branches": 1, "covered_branches": 21, "missing_branches": 1, "percent_branches_covered": 95.45454545454545, "percent_branches_covered_display": "95"}, "missing_lines": [82], "excluded_lines": [], "start_line": 24, "executed_branches": [[34, 35], [34, 36], [36, 37], [36, 38], [38, 39], [38, 40], [41, 42], [41, 43], [43, 44], [43, 45], [46, 47], [46, 48], [69, 70], [69, 77], [72, 73], [72, 76], [79, 80], [79, 86], [81, 83], [84, 79], [84, 85]], "missing_branches": [[81, 82]]}, "build_hierarchy.make_node": {"executed_lines": [54, 56, 66, 67], "summary": {"covered_lines": 4, "num_statements": 5, "percent_covered": 77.77777777777777, "percent_covered_display": "78", "missing_lines": 1, "excluded_lines": 0, "percent_statements_covered": 80.0, "percent_statements_covered_display": "80", "num_branches": 4, "num_partial_branches": 1, "covered_branches": 3, "missing_branches": 1, "percent_branches_covered": 75.0, "percent_branches_covered_display": "75"}, "missing_lines": [55], "excluded_lines": [], "start_line": 53, "executed_branches": [[54, 56], [66, -53], [66, 67]], "missing_branches": [[54, 55]]}, "rollups": {"executed_lines": [98, 99, 100, 101, 102, 103, 104, 105, 106, 107, 108, 109, 110, 111, 112, 113, 119, 120, 121, 122, 123, 124, 125, 126, 127, 128, 129, 130, 132], "summary": {"covered_lines": 29, "num_statements": 30, "percent_covered": 95.65217391304348, "percent_covered_display": "96", "missing_lines": 1, "excluded_lines": 0, "percent_statements_covered": 96.66666666666667, "percent_statements_covered_display": "97", "num_branches": 16, "num_partial_branches": 1, "covered_branches": 15, "missing_branches": 1, "percent_branches_covered": 93.75, "percent_branches_covered_display": "94"}, "missing_lines": [131], "excluded_lines": [], "start_line": 91, "executed_branches": [[100, 101], [100, 104], [102, 100], [102, 103], [107, 108], [107, 130], [119, 120], [119, 123], [121, 119], [121, 122], [126, 107], [126, 127], [128, 107], [128, 129], [130, 132]], "missing_branches": [[130, 131]]}, "Coordination.__init__": {"executed_lines": [138], "summary": {"covered_lines": 1, "num_statements": 1, "percent_covered": 100.0, "percent_covered_display": "100", "missing_lines": 0, "excluded_lines": 0, "percent_statements_covered": 100.0, "percent_statements_covered_display": "100", "num_branches": 0, "num_partial_branches": 0, "covered_branches": 0, "missing_branches": 0, "percent_branches_covered": 100.0, "percent_branches_covered_display": "100"}, "missing_lines": [], "excluded_lines": [], "start_line": 137, "executed_branches": [], "missing_branches": []}, "Coordination.related_ids": {"executed_lines": [141, 142, 143, 144, 145, 146, 147, 148, 149, 151, 152, 154, 155], "summary": {"covered_lines": 13, "num_statements": 13, "percent_covered": 100.0, "percent_covered_display": "100", "missing_lines": 0, "excluded_lines": 0, "percent_statements_covered": 100.0, "percent_statements_covered_display": "100", "num_branches": 10, "num_partial_branches": 0, "covered_branches": 10, "missing_branches": 0, "percent_branches_covered": 100.0, "percent_branches_covered_display": "100"}, "missing_lines": [], "excluded_lines": [], "start_line": 140, "executed_branches": [[142, 143], [142, 144], [144, 145], [144, 146], [146, 147], [146, 148], [148, 149], [148, 151], [151, 152], [151, 154]], "missing_branches": []}, "Coordination.allowed": {"executed_lines": [158, 160], "summary": {"covered_lines": 2, "num_statements": 3, "percent_covered": 60.0, "percent_covered_display": "60", "missing_lines": 1, "excluded_lines": 0, "percent_statements_covered": 66.66666666666667, "percent_statements_covered_display": "67", "num_branches": 2, "num_partial_branches": 1, "covered_branches": 1, "missing_branches": 1, "percent_branches_covered": 50.0, "percent_branches_covered_display": "50"}, "missing_lines": [159], "excluded_lines": [], "start_line": 157, "executed_branches": [[158, 160]], "missing_branches": [[158, 159]]}, "Coordination.descendant": {"executed_lines": [165, 166, 167, 168, 169, 170, 171, 172], "summary": {"covered_lines": 8, "num_statements": 8, "percent_covered": 100.0, "percent_covered_display": "100", "missing_lines": 0, "excluded_lines": 0, "percent_statements_covered": 100.0, "percent_statements_covered_display": "100", "num_branches": 4, "num_partial_branches": 0, "covered_branches": 4, "missing_branches": 0, "percent_branches_covered": 100.0, "percent_branches_covered_display": "100"}, "missing_lines": [], "excluded_lines": [], "start_line": 163, "executed_branches": [[167, 168], [167, 172], [168, 169], [168, 170]], "missing_branches": []}, "Coordination.readable": {"executed_lines": [175], "summary": {"covered_lines": 1, "num_statements": 1, "percent_covered": 100.0, "percent_covered_display": "100", "missing_lines": 0, "excluded_lines": 0, "percent_statements_covered": 100.0, "percent_statements_covered_display": "100", "num_branches": 0, "num_partial_branches": 0, "covered_branches": 0, "missing_branches": 0, "percent_branches_covered": 100.0, "percent_branches_covered_display": "100"}, "missing_lines": [], "excluded_lines": [], "start_line": 174, "executed_branches": [], "missing_branches": []}, "Coordination.subtree_counts": {"executed_lines": [179, 183, 184, 185, 186], "summary": {"covered_lines": 5, "num_statements": 5, "percent_covered": 100.0, "percent_covered_display": "100", "missing_lines": 0, "excluded_lines": 0, "percent_statements_covered": 100.0, "percent_statements_covered_display": "100", "num_branches": 2, "num_partial_branches": 0, "covered_branches": 2, "missing_branches": 0, "percent_branches_covered": 100.0, "percent_branches_covered_display": "100"}, "missing_lines": [], "excluded_lines": [], "start_line": 177, "executed_branches": [[183, 184], [183, 185]], "missing_branches": []}, "Coordination.card": {"executed_lines": [190, 191, 192], "summary": {"covered_lines": 3, "num_statements": 3, "percent_covered": 100.0, "percent_covered_display": "100", "missing_lines": 0, "excluded_lines": 0, "percent_statements_covered": 100.0, "percent_statements_covered_display": "100", "num_branches": 0, "num_partial_branches": 0, "covered_branches": 0, "missing_branches": 0, "percent_branches_covered": 100.0, "percent_branches_covered_display": "100"}, "missing_lines": [], "excluded_lines": [], "start_line": 189, "executed_branches": [], "missing_branches": []}, "Coordination.inspect": {"executed_lines": [207, 208, 209, 210, 211, 212, 213, 214, 215, 216], "summary": {"covered_lines": 10, "num_statements": 10, "percent_covered": 100.0, "percent_covered_display": "100", "missing_lines": 0, "excluded_lines": 0, "percent_statements_covered": 100.0, "percent_statements_covered_display": "100", "num_branches": 4, "num_partial_branches": 0, "covered_branches": 4, "missing_branches": 0, "percent_branches_covered": 100.0, "percent_branches_covered_display": "100"}, "missing_lines": [], "excluded_lines": [], "start_line": 205, "executed_branches": [[208, 209], [208, 210], [211, 212], [211, 213]], "missing_branches": []}, "Coordination.local_policy": {"executed_lines": [221, 222], "summary": {"covered_lines": 2, "num_statements": 2, "percent_covered": 100.0, "percent_covered_display": "100", "missing_lines": 0, "excluded_lines": 0, "percent_statements_covered": 100.0, "percent_statements_covered_display": "100", "num_branches": 0, "num_partial_branches": 0, "covered_branches": 0, "missing_branches": 0, "percent_branches_covered": 100.0, "percent_branches_covered_display": "100"}, "missing_lines": [], "excluded_lines": [], "start_line": 220, "executed_branches": [], "missing_branches": []}, "Coordination.send": {"executed_lines": [232, 233, 234, 236, 237, 238, 239, 240, 241, 242, 243, 244, 245, 246, 247, 248, 250, 251, 253], "summary": {"covered_lines": 19, "num_statements": 20, "percent_covered": 93.33333333333333, "percent_covered_display": "93", "missing_lines": 1, "excluded_lines": 0, "percent_statements_covered": 95.0, "percent_statements_covered_display": "95", "num_branches": 10, "num_partial_branches": 1, "covered_branches": 9, "missing_branches": 1, "percent_branches_covered": 90.0, "percent_branches_covered_display": "90"}, "missing_lines": [249], "excluded_lines": [], "start_line": 231, "executed_branches": [[233, 234], [233, 236], [239, 240], [239, 241], [241, 242], [241, 243], [245, 246], [245, 247], [248, 250]], "missing_branches": [[248, 249]]}, "Coordination.evidence_card": {"executed_lines": [256, 257, 258, 259, 262], "summary": {"covered_lines": 5, "num_statements": 5, "percent_covered": 100.0, "percent_covered_display": "100", "missing_lines": 0, "excluded_lines": 0, "percent_statements_covered": 100.0, "percent_statements_covered_display": "100", "num_branches": 2, "num_partial_branches": 0, "covered_branches": 2, "missing_branches": 0, "percent_branches_covered": 100.0, "percent_branches_covered_display": "100"}, "missing_lines": [], "excluded_lines": [], "start_line": 255, "executed_branches": [[257, 258], [257, 259]], "missing_branches": []}, "Coordination.result_page": {"executed_lines": [270, 271, 272, 273, 274, 275, 276, 277, 279, 280, 281, 282, 283, 284, 285, 286, 287, 288, 289, 291, 292, 293, 294, 295, 297, 298, 299, 300, 302, 303, 304], "summary": {"covered_lines": 31, "num_statements": 33, "percent_covered": 92.45283018867924, "percent_covered_display": "92", "missing_lines": 2, "excluded_lines": 0, "percent_statements_covered": 93.93939393939394, "percent_statements_covered_display": "94", "num_branches": 20, "num_partial_branches": 2, "covered_branches": 18, "missing_branches": 2, "percent_branches_covered": 90.0, "percent_branches_covered_display": "90"}, "missing_lines": [278, 301], "excluded_lines": [], "start_line": 268, "executed_branches": [[272, 273], [272, 274], [274, 275], [274, 276], [277, 279], [281, 282], [281, 285], [285, 286], [285, 297], [286, 287], [286, 288], [288, 289], [288, 291], [292, 293], [292, 294], [299, 300], [299, 303], [300, 302]], "missing_branches": [[277, 278], [300, 301]]}, "": {"executed_lines": [6, 8, 9, 10, 11, 12, 14, 15, 18, 24, 91, 135, 137, 140, 157, 163, 174, 177, 189, 205, 220, 231, 255, 268], "summary": {"covered_lines": 24, "num_statements": 24, "percent_covered": 100.0, "percent_covered_display": "100", "missing_lines": 0, "excluded_lines": 0, "percent_statements_covered": 100.0, "percent_statements_covered_display": "100", "num_branches": 0, "num_partial_branches": 0, "covered_branches": 0, "missing_branches": 0, "percent_branches_covered": 100.0, "percent_branches_covered_display": "100"}, "missing_lines": [], "excluded_lines": [], "start_line": 1, "executed_branches": [], "missing_branches": []}}, "classes": {"Coordination": {"executed_lines": [138, 141, 142, 143, 144, 145, 146, 147, 148, 149, 151, 152, 154, 155, 158, 160, 165, 166, 167, 168, 169, 170, 171, 172, 175, 179, 183, 184, 185, 186, 190, 191, 192, 207, 208, 209, 210, 211, 212, 213, 214, 215, 216, 221, 222, 232, 233, 234, 236, 237, 238, 239, 240, 241, 242, 243, 244, 245, 246, 247, 248, 250, 251, 253, 256, 257, 258, 259, 262, 270, 271, 272, 273, 274, 275, 276, 277, 279, 280, 281, 282, 283, 284, 285, 286, 287, 288, 289, 291, 292, 293, 294, 295, 297, 298, 299, 300, 302, 303, 304], "summary": {"covered_lines": 100, "num_statements": 104, "percent_covered": 94.9367088607595, "percent_covered_display": "95", "missing_lines": 4, "excluded_lines": 0, "percent_statements_covered": 96.15384615384616, "percent_statements_covered_display": "96", "num_branches": 54, "num_partial_branches": 4, "covered_branches": 50, "missing_branches": 4, "percent_branches_covered": 92.5925925925926, "percent_branches_covered_display": "93"}, "missing_lines": [159, 249, 278, 301], "excluded_lines": [], "start_line": 135, "executed_branches": [[142, 143], [142, 144], [144, 145], [144, 146], [146, 147], [146, 148], [148, 149], [148, 151], [151, 152], [151, 154], [158, 160], [167, 168], [167, 172], [168, 169], [168, 170], [183, 184], [183, 185], [208, 209], [208, 210], [211, 212], [211, 213], [233, 234], [233, 236], [239, 240], [239, 241], [241, 242], [241, 243], [245, 246], [245, 247], [248, 250], [257, 258], [257, 259], [272, 273], [272, 274], [274, 275], [274, 276], [277, 279], [281, 282], [281, 285], [285, 286], [285, 297], [286, 287], [286, 288], [288, 289], [288, 291], [292, 293], [292, 294], [299, 300], [299, 303], [300, 302]], "missing_branches": [[158, 159], [248, 249], [277, 278], [300, 301]]}, "": {"executed_lines": [6, 8, 9, 10, 11, 12, 14, 15, 18, 20, 21, 24, 33, 34, 35, 36, 37, 38, 39, 40, 41, 42, 43, 44, 45, 46, 47, 48, 49, 50, 51, 53, 54, 56, 66, 67, 69, 70, 71, 72, 73, 74, 75, 76, 77, 78, 79, 80, 81, 83, 84, 85, 86, 87, 88, 91, 98, 99, 100, 101, 102, 103, 104, 105, 106, 107, 108, 109, 110, 111, 112, 113, 119, 120, 121, 122, 123, 124, 125, 126, 127, 128, 129, 130, 132, 135, 137, 140, 157, 163, 174, 177, 189, 205, 220, 231, 255, 268], "summary": {"covered_lines": 98, "num_statements": 101, "percent_covered": 95.8041958041958, "percent_covered_display": "96", "missing_lines": 3, "excluded_lines": 0, "percent_statements_covered": 97.02970297029702, "percent_statements_covered_display": "97", "num_branches": 42, "num_partial_branches": 3, "covered_branches": 39, "missing_branches": 3, "percent_branches_covered": 92.85714285714286, "percent_branches_covered_display": "93"}, "missing_lines": [55, 82, 131], "excluded_lines": [], "start_line": 1, "executed_branches": [[34, 35], [34, 36], [36, 37], [36, 38], [38, 39], [38, 40], [41, 42], [41, 43], [43, 44], [43, 45], [46, 47], [46, 48], [54, 56], [66, -53], [66, 67], [69, 70], [69, 77], [72, 73], [72, 76], [79, 80], [79, 86], [81, 83], [84, 79], [84, 85], [100, 101], [100, 104], [102, 100], [102, 103], [107, 108], [107, 130], [119, 120], [119, 123], [121, 119], [121, 122], [126, 107], [126, 127], [128, 107], [128, 129], [130, 132]], "missing_branches": [[54, 55], [81, 82], [130, 131]]}}}, "src/future_code/dashboard.py": {"executed_lines": [2, 4, 5, 6, 7, 8, 9, 11, 12, 15, 16, 18, 19, 20, 22, 24, 26, 27, 28, 29, 30, 31, 32, 33, 34, 35, 36, 40, 41, 42, 43, 44, 45, 46, 47, 48, 49, 50, 51, 52, 53, 54, 55, 59, 60, 61, 62, 63, 64, 65, 66, 67, 68, 69, 71, 74, 76, 77, 78], "summary": {"covered_lines": 59, "num_statements": 64, "percent_covered": 93.42105263157895, "percent_covered_display": "93", "missing_lines": 5, "excluded_lines": 0, "percent_statements_covered": 92.1875, "percent_statements_covered_display": "92", "num_branches": 12, "num_partial_branches": 0, "covered_branches": 12, "missing_branches": 0, "percent_branches_covered": 100.0, "percent_branches_covered_display": "100"}, "missing_lines": [37, 38, 56, 57, 58], "excluded_lines": [], "executed_branches": [[43, 44], [43, 46], [46, 47], [46, 49], [50, 51], [50, 53], [59, 60], [59, 61], [61, 62], [61, 63], [63, 64], [63, 71]], "missing_branches": [], "functions": {"DashboardHandler.__init__": {"executed_lines": [19, 20], "summary": {"covered_lines": 2, "num_statements": 2, "percent_covered": 100.0, "percent_covered_display": "100", "missing_lines": 0, "excluded_lines": 0, "percent_statements_covered": 100.0, "percent_statements_covered_display": "100", "num_branches": 0, "num_partial_branches": 0, "covered_branches": 0, "missing_branches": 0, "percent_branches_covered": 100.0, "percent_branches_covered_display": "100"}, "missing_lines": [], "excluded_lines": [], "start_line": 18, "executed_branches": [], "missing_branches": []}, "DashboardHandler.log_message": {"executed_lines": [24], "summary": {"covered_lines": 1, "num_statements": 1, "percent_covered": 100.0, "percent_covered_display": "100", "missing_lines": 0, "excluded_lines": 0, "percent_statements_covered": 100.0, "percent_statements_covered_display": "100", "num_branches": 0, "num_partial_branches": 0, "covered_branches": 0, "missing_branches": 0, "percent_branches_covered": 100.0, "percent_branches_covered_display": "100"}, "missing_lines": [], "excluded_lines": [], "start_line": 22, "executed_branches": [], "missing_branches": []}, "DashboardHandler.send_content": {"executed_lines": [27, 28, 29, 30, 31, 32, 33, 34, 35, 36], "summary": {"covered_lines": 10, "num_statements": 12, "percent_covered": 83.33333333333333, "percent_covered_display": "83", "missing_lines": 2, "excluded_lines": 0, "percent_statements_covered": 83.33333333333333, "percent_statements_covered_display": "83", "num_branches": 0, "num_partial_branches": 0, "covered_branches": 0, "missing_branches": 0, "percent_branches_covered": 100.0, "percent_branches_covered_display": "100"}, "missing_lines": [37, 38], "excluded_lines": [], "start_line": 26, "executed_branches": [], "missing_branches": []}, "DashboardHandler.do_GET": {"executed_lines": [41, 42, 43, 44, 45, 46, 47, 48, 49, 50, 51, 52, 53, 54, 55, 59, 60, 61, 62, 63, 64, 65, 66, 67, 68, 69, 71], "summary": {"covered_lines": 27, "num_statements": 30, "percent_covered": 92.85714285714286, "percent_covered_display": "93", "missing_lines": 3, "excluded_lines": 0, "percent_statements_covered": 90.0, "percent_statements_covered_display": "90", "num_branches": 12, "num_partial_branches": 0, "covered_branches": 12, "missing_branches": 0, "percent_branches_covered": 100.0, "percent_branches_covered_display": "100"}, "missing_lines": [56, 57, 58], "excluded_lines": [], "start_line": 40, "executed_branches": [[43, 44], [43, 46], [46, 47], [46, 49], [50, 51], [50, 53], [59, 60], [59, 61], [61, 62], [61, 63], [63, 64], [63, 71]], "missing_branches": []}, "make_server": {"executed_lines": [76, 77, 78], "summary": {"covered_lines": 3, "num_statements": 3, "percent_covered": 100.0, "percent_covered_display": "100", "missing_lines": 0, "excluded_lines": 0, "percent_statements_covered": 100.0, "percent_statements_covered_display": "100", "num_branches": 0, "num_partial_branches": 0, "covered_branches": 0, "missing_branches": 0, "percent_branches_covered": 100.0, "percent_branches_covered_display": "100"}, "missing_lines": [], "excluded_lines": [], "start_line": 74, "executed_branches": [], "missing_branches": []}, "": {"executed_lines": [2, 4, 5, 6, 7, 8, 9, 11, 12, 15, 16, 18, 22, 26, 40, 74], "summary": {"covered_lines": 16, "num_statements": 16, "percent_covered": 100.0, "percent_covered_display": "100", "missing_lines": 0, "excluded_lines": 0, "percent_statements_covered": 100.0, "percent_statements_covered_display": "100", "num_branches": 0, "num_partial_branches": 0, "covered_branches": 0, "missing_branches": 0, "percent_branches_covered": 100.0, "percent_branches_covered_display": "100"}, "missing_lines": [], "excluded_lines": [], "start_line": 1, "executed_branches": [], "missing_branches": []}}, "classes": {"DashboardHandler": {"executed_lines": [19, 20, 24, 27, 28, 29, 30, 31, 32, 33, 34, 35, 36, 41, 42, 43, 44, 45, 46, 47, 48, 49, 50, 51, 52, 53, 54, 55, 59, 60, 61, 62, 63, 64, 65, 66, 67, 68, 69, 71], "summary": {"covered_lines": 40, "num_statements": 45, "percent_covered": 91.2280701754386, "percent_covered_display": "91", "missing_lines": 5, "excluded_lines": 0, "percent_statements_covered": 88.88888888888889, "percent_statements_covered_display": "89", "num_branches": 12, "num_partial_branches": 0, "covered_branches": 12, "missing_branches": 0, "percent_branches_covered": 100.0, "percent_branches_covered_display": "100"}, "missing_lines": [37, 38, 56, 57, 58], "excluded_lines": [], "start_line": 15, "executed_branches": [[43, 44], [43, 46], [46, 47], [46, 49], [50, 51], [50, 53], [59, 60], [59, 61], [61, 62], [61, 63], [63, 64], [63, 71]], "missing_branches": []}, "": {"executed_lines": [2, 4, 5, 6, 7, 8, 9, 11, 12, 15, 16, 18, 22, 26, 40, 74, 76, 77, 78], "summary": {"covered_lines": 19, "num_statements": 19, "percent_covered": 100.0, "percent_covered_display": "100", "missing_lines": 0, "excluded_lines": 0, "percent_statements_covered": 100.0, "percent_statements_covered_display": "100", "num_branches": 0, "num_partial_branches": 0, "covered_branches": 0, "missing_branches": 0, "percent_branches_covered": 100.0, "percent_branches_covered_display": "100"}, "missing_lines": [], "excluded_lines": [], "start_line": 1, "executed_branches": [], "missing_branches": []}}}, "src/future_code/process.py": {"executed_lines": [2, 4, 5, 6, 7, 8, 9, 11, 12, 15, 16, 17, 18, 19, 20, 21, 22, 25, 27, 28, 29, 34, 35, 38, 39, 40, 43, 44, 45, 48, 50, 51, 52, 53, 58, 59, 61, 63, 64, 65, 66, 67, 69, 70, 71, 72, 73, 77, 79, 81, 82, 83, 84, 85, 86, 87, 88, 89, 90, 91, 93, 94, 96, 97], "summary": {"covered_lines": 64, "num_statements": 75, "percent_covered": 81.05263157894737, "percent_covered_display": "81", "missing_lines": 11, "excluded_lines": 0, "percent_statements_covered": 85.33333333333333, "percent_statements_covered_display": "85", "num_branches": 20, "num_partial_branches": 3, "covered_branches": 13, "missing_branches": 7, "percent_branches_covered": 65.0, "percent_branches_covered_display": "65"}, "missing_lines": [30, 31, 32, 33, 36, 37, 41, 42, 74, 75, 95], "excluded_lines": [], "executed_branches": [[28, 29], [39, 40], [50, 51], [50, 52], [63, -61], [63, 64], [66, 63], [66, 67], [70, -69], [70, 71], [93, 94], [93, 96], [94, 93]], "missing_branches": [[28, 30], [30, 31], [30, 34], [39, 41], [41, 42], [41, 45], [94, 95]], "functions": {"_stop": {"executed_lines": [27, 28, 29, 34, 35, 38, 39, 40, 43, 44, 45], "summary": {"covered_lines": 11, "num_statements": 19, "percent_covered": 48.148148148148145, "percent_covered_display": "48", "missing_lines": 8, "excluded_lines": 0, "percent_statements_covered": 57.89473684210526, "percent_statements_covered_display": "58", "num_branches": 8, "num_partial_branches": 2, "covered_branches": 2, "missing_branches": 6, "percent_branches_covered": 25.0, "percent_branches_covered_display": "25"}, "missing_lines": [30, 31, 32, 33, 36, 37, 41, 42], "excluded_lines": [], "start_line": 25, "executed_branches": [[28, 29], [39, 40]], "missing_branches": [[28, 30], [30, 31], [30, 34], [39, 41], [41, 42], [41, 45]]}, "run_process": {"executed_lines": [50, 51, 52, 53, 58, 59, 61, 69, 79, 81, 82, 83, 84, 85, 86, 87, 88, 89, 90, 91, 93, 94, 96, 97], "summary": {"covered_lines": 24, "num_statements": 25, "percent_covered": 93.54838709677419, "percent_covered_display": "94", "missing_lines": 1, "excluded_lines": 0, "percent_statements_covered": 96.0, "percent_statements_covered_display": "96", "num_branches": 6, "num_partial_branches": 1, "covered_branches": 5, "missing_branches": 1, "percent_branches_covered": 83.33333333333333, "percent_branches_covered_display": "83"}, "missing_lines": [95], "excluded_lines": [], "start_line": 48, "executed_branches": [[50, 51], [50, 52], [93, 94], [93, 96], [94, 93]], "missing_branches": [[94, 95]]}, "run_process.drain": {"executed_lines": [63, 64, 65, 66, 67], "summary": {"covered_lines": 5, "num_statements": 5, "percent_covered": 100.0, "percent_covered_display": "100", "missing_lines": 0, "excluded_lines": 0, "percent_statements_covered": 100.0, "percent_statements_covered_display": "100", "num_branches": 4, "num_partial_branches": 0, "covered_branches": 4, "missing_branches": 0, "percent_branches_covered": 100.0, "percent_branches_covered_display": "100"}, "missing_lines": [], "excluded_lines": [], "start_line": 61, "executed_branches": [[63, -61], [63, 64], [66, 63], [66, 67]], "missing_branches": []}, "run_process.write_input": {"executed_lines": [70, 71, 72, 73, 77], "summary": {"covered_lines": 5, "num_statements": 7, "percent_covered": 77.77777777777777, "percent_covered_display": "78", "missing_lines": 2, "excluded_lines": 0, "percent_statements_covered": 71.42857142857143, "percent_statements_covered_display": "71", "num_branches": 2, "num_partial_branches": 0, "covered_branches": 2, "missing_branches": 0, "percent_branches_covered": 100.0, "percent_branches_covered_display": "100"}, "missing_lines": [74, 75], "excluded_lines": [], "start_line": 69, "executed_branches": [[70, -69], [70, 71]], "missing_branches": []}, "": {"executed_lines": [2, 4, 5, 6, 7, 8, 9, 11, 12, 15, 16, 17, 18, 19, 20, 21, 22, 25, 48], "summary": {"covered_lines": 19, "num_statements": 19, "percent_covered": 100.0, "percent_covered_display": "100", "missing_lines": 0, "excluded_lines": 0, "percent_statements_covered": 100.0, "percent_statements_covered_display": "100", "num_branches": 0, "num_partial_branches": 0, "covered_branches": 0, "missing_branches": 0, "percent_branches_covered": 100.0, "percent_branches_covered_display": "100"}, "missing_lines": [], "excluded_lines": [], "start_line": 1, "executed_branches": [], "missing_branches": []}}, "classes": {"ProcessResult": {"executed_lines": [], "summary": {"covered_lines": 0, "num_statements": 0, "percent_covered": 100.0, "percent_covered_display": "100", "missing_lines": 0, "excluded_lines": 0, "percent_statements_covered": 100.0, "percent_statements_covered_display": "100", "num_branches": 0, "num_partial_branches": 0, "covered_branches": 0, "missing_branches": 0, "percent_branches_covered": 100.0, "percent_branches_covered_display": "100"}, "missing_lines": [], "excluded_lines": [], "start_line": 16, "executed_branches": [], "missing_branches": []}, "": {"executed_lines": [2, 4, 5, 6, 7, 8, 9, 11, 12, 15, 16, 17, 18, 19, 20, 21, 22, 25, 27, 28, 29, 34, 35, 38, 39, 40, 43, 44, 45, 48, 50, 51, 52, 53, 58, 59, 61, 63, 64, 65, 66, 67, 69, 70, 71, 72, 73, 77, 79, 81, 82, 83, 84, 85, 86, 87, 88, 89, 90, 91, 93, 94, 96, 97], "summary": {"covered_lines": 64, "num_statements": 75, "percent_covered": 81.05263157894737, "percent_covered_display": "81", "missing_lines": 11, "excluded_lines": 0, "percent_statements_covered": 85.33333333333333, "percent_statements_covered_display": "85", "num_branches": 20, "num_partial_branches": 3, "covered_branches": 13, "missing_branches": 7, "percent_branches_covered": 65.0, "percent_branches_covered_display": "65"}, "missing_lines": [30, 31, 32, 33, 36, 37, 41, 42, 74, 75, 95], "excluded_lines": [], "start_line": 1, "executed_branches": [[28, 29], [39, 40], [50, 5
[...]
 [288, 290], [290, 291], [290, 293], [295, 273], [295, 296], [297, 299], [299, 300], [299, 302], [302, -261], [302, 303], [309, 310], [309, 319], [325, 326], [325, 333], [327, 328], [327, 329], [329, 325], [329, 330], [331, 325]], "missing_branches": [[29, 30], [61, 62], [65, 66], [69, 70], [82, 83], [96, 97], [105, 106], [118, 119], [120, 121], [131, 132], [144, 145], [146, 147], [146, 148], [153, 154], [153, 155], [157, 158], [157, 168], [163, 157], [163, 164], [164, 163], [164, 165], [166, 163], [166, 167], [172, 173], [184, 185], [197, 198], [208, 209], [209, 208], [209, 210], [215, 216], [234, 235], [256, 257], [262, 263], [266, 267], [275, 276], [282, 283], [285, 286], [297, 298], [331, 332]], "functions": {"digest": {"executed_lines": [25], "summary": {"covered_lines": 1, "num_statements": 1, "percent_covered": 100.0, "percent_covered_display": "100", "missing_lines": 0, "excluded_lines": 0, "percent_statements_covered": 100.0, "percent_statements_covered_display": "100", "num_branches": 0, "num_partial_branches": 0, "covered_branches": 0, "missing_branches": 0, "percent_branches_covered": 100.0, "percent_branches_covered_display": "100"}, "missing_lines": [], "excluded_lines": [], "start_line": 24, "executed_branches": [], "missing_branches": []}, "file_hash": {"executed_lines": [29, 31], "summary": {"covered_lines": 2, "num_statements": 3, "percent_covered": 60.0, "percent_covered_display": "60", "missing_lines": 1, "excluded_lines": 0, "percent_statements_covered": 66.66666666666667, "percent_statements_covered_display": "67", "num_branches": 2, "num_partial_branches": 1, "covered_branches": 1, "missing_branches": 1, "percent_branches_covered": 50.0, "percent_branches_covered_display": "50"}, "missing_lines": [30], "excluded_lines": [], "start_line": 28, "executed_branches": [[29, 31]], "missing_branches": [[29, 30]]}, "safe_path": {"executed_lines": [35, 36, 37, 38, 39, 40, 41, 42, 45], "summary": {"covered_lines": 9, "num_statements": 11, "percent_covered": 86.66666666666667, "percent_covered_display": "87", "missing_lines": 2, "excluded_lines": 0, "percent_statements_covered": 81.81818181818181, "percent_statements_covered_display": "82", "num_branches": 4, "num_partial_branches": 0, "covered_branches": 4, "missing_branches": 0, "percent_branches_covered": 100.0, "percent_branches_covered_display": "100"}, "missing_lines": [43, 44], "excluded_lines": [], "start_line": 34, "executed_branches": [[37, 38], [37, 41], [39, 37], [39, 40]], "missing_branches": []}, "inventory": {"executed_lines": [49, 50, 51, 52, 53, 56, 57, 58, 59, 60, 61, 64, 65, 68, 69, 71, 72], "summary": {"covered_lines": 17, "num_statements": 22, "percent_covered": 76.47058823529412, "percent_covered_display": "76", "missing_lines": 5, "excluded_lines": 0, "percent_statements_covered": 77.27272727272727, "percent_statements_covered_display": "77", "num_branches": 12, "num_partial_branches": 3, "covered_branches": 9, "missing_branches": 3, "percent_branches_covered": 75.0, "percent_branches_covered_display": "75"}, "missing_lines": [62, 63, 66, 67, 70], "excluded_lines": [], "start_line": 48, "executed_branches": [[52, 53], [52, 72], [56, 52], [56, 57], [59, 60], [59, 61], [61, 64], [65, 68], [69, 71]], "missing_branches": [[61, 62], [65, 66], [69, 70]]}, "inventory_hash": {"executed_lines": [76], "summary": {"covered_lines": 1, "num_statements": 1, "percent_covered": 100.0, "percent_covered_display": "100", "missing_lines": 0, "excluded_lines": 0, "percent_statements_covered": 100.0, "percent_statements_covered_display": "100", "num_branches": 0, "num_partial_branches": 0, "covered_branches": 0, "missing_branches": 0, "percent_branches_covered": 100.0, "percent_branches_covered_display": "100"}, "missing_lines": [], "excluded_lines": [], "start_line": 75, "executed_branches": [], "missing_branches": []}, "Workspace.__init__": {"executed_lines": [81, 82, 84, 85, 86, 87, 88, 89, 90, 91, 92, 93], "summary": {"covered_lines": 12, "num_statements": 13, "percent_covered": 86.66666666666667, "percent_covered_display": "87", "missing_lines": 1, "excluded_lines": 0, "percent_statements_covered": 92.3076923076923, "percent_statements_covered_display": "92", "num_branches": 2, "num_partial_branches": 1, "covered_branches": 1, "missing_branches": 1, "percent_branches_covered": 50.0, "percent_branches_covered_display": "50"}, "missing_lines": [83], "excluded_lines": [], "start_line": 80, "executed_branches": [[82, 84]], "missing_branches": [[82, 83]]}, "Workspace.prepare": {"executed_lines": [96, 98, 99, 100, 101, 102, 103, 104, 105, 107, 108], "summary": {"covered_lines": 11, "num_statements": 13, "percent_covered": 78.94736842105263, "percent_covered_display": "79", "missing_lines": 2, "excluded_lines": 0, "percent_statements_covered": 84.61538461538461, "percent_statements_covered_display": "85", "num_branches": 6, "num_partial_branches": 2, "covered_branches": 4, "missing_branches": 2, "percent_branches_covered": 66.66666666666667, "percent_branches_covered_display": "67"}, "missing_lines": [97, 106], "excluded_lines": [], "start_line": 95, "executed_branches": [[96, 98], [102, 103], [102, 108], [105, 107]], "missing_branches": [[96, 97], [105, 106]]}, "Workspace._allowed": {"executed_lines": [111, 112, 113, 114, 115, 116, 117, 118, 120, 122, 123, 124], "summary": {"covered_lines": 12, "num_statements": 14, "percent_covered": 83.33333333333333, "percent_covered_display": "83", "missing_lines": 2, "excluded_lines": 0, "percent_statements_covered": 85.71428571428571, "percent_statements_covered_display": "86", "num_branches": 10, "num_partial_branches": 2, "covered_branches": 8, "missing_branches": 2, "percent_branches_covered": 80.0, "percent_branches_covered_display": "80"}, "missing_lines": [119, 121], "excluded_lines": [], "start_line": 110, "executed_branches": [[112, 113], [112, 114], [114, 115], [114, 122], [115, 116], [115, 117], [118, 120], [120, 122]], "missing_branches": [[118, 119], [120, 121]]}, "Workspace.read": {"executed_lines": [127, 128, 129, 130, 131, 133, 134, 135, 136, 137, 138, 139, 140], "summary": {"covered_lines": 13, "num_statements": 14, "percent_covered": 88.88888888888889, "percent_covered_display": "89", "missing_lines": 1, "excluded_lines": 0, "percent_statements_covered": 92.85714285714286, "percent_statements_covered_display": "93", "num_branches": 4, "num_partial_branches": 1, "covered_branches": 3, "missing_branches": 1, "percent_branches_covered": 75.0, "percent_branches_covered_display": "75"}, "missing_lines": [132], "excluded_lines": [], "start_line": 126, "executed_branches": [[128, 129], [128, 130], [131, 133]], "missing_branches": [[131, 132]]}, "Workspace.list_files": {"executed_lines": [144, 148, 149, 150], "summary": {"covered_lines": 4, "num_statements": 7, "percent_covered": 45.45454545454545, "percent_covered_display": "45", "missing_lines": 3, "excluded_lines": 0, "percent_statements_covered": 57.142857142857146, "percent_statements_covered_display": "57", "num_branches": 4, "num_partial_branches": 1, "covered_branches": 1, "missing_branches": 3, "percent_branches_covered": 25.0, "percent_branches_covered_display": "25"}, "missing_lines": [145, 146, 147], "excluded_lines": [], "start_line": 143, "executed_branches": [[144, 148]], "missing_branches": [[144, 145], [146, 147], [146, 148]]}, "Workspace.search": {"executed_lines": [], "summary": {"covered_lines": 0, "num_statements": 16, "percent_covered": 0.0, "percent_covered_display": "0", "missing_lines": 16, "excluded_lines": 0, "percent_statements_covered": 0.0, "percent_statements_covered_display": "0", "num_branches": 10, "num_partial_branches": 0, "covered_branches": 0, "missing_branches": 10, "percent_branches_covered": 0.0, "percent_branches_covered_display": "0"}, "missing_lines": [153, 154, 155, 156, 157, 158, 159, 160, 161, 162, 163, 164, 165, 166, 167, 168], "excluded_lines": [], "start_line": 152, "executed_branches": [], "missing_branches": [[153, 154], [153, 155], [157, 158], [157, 168], [163, 157], [163, 164], [164, 163], [164, 165], [166, 163], [166, 167]]}, "Workspace.write": {"executed_lines": [171, 172, 174, 175, 176, 177, 178, 179, 180], "summary": {"covered_lines": 9, "num_statements": 10, "percent_covered": 85.71428571428571, "percent_covered_display": "86", "missing_lines": 1, "excluded_lines": 0, "percent_statements_covered": 90.0, "percent_statements_covered_display": "90", "num_branches": 4, "num_partial_branches": 1, "covered_branches": 3, "missing_branches": 1, "percent_branches_covered": 75.0, "percent_branches_covered_display": "75"}, "missing_lines": [173], "excluded_lines": [], "start_line": 170, "executed_branches": [[172, 174], [175, 176], [175, 177]], "missing_branches": [[172, 173]]}, "Workspace.changes": {"executed_lines": [183, 184, 186, 187, 188, 189, 190, 191, 193], "summary": {"covered_lines": 9, "num_statements": 10, "percent_covered": 87.5, "percent_covered_display": "88", "missing_lines": 1, "excluded_lines": 0, "percent_statements_covered": 90.0, "percent_statements_covered_display": "90", "num_branches": 6, "num_partial_branches": 1, "covered_branches": 5, "missing_branches": 1, "percent_branches_covered": 83.33333333333333, "percent_branches_covered_display": "83"}, "missing_lines": [185], "excluded_lines": [], "start_line": 182, "executed_branches": [[184, 186], [187, 188], [187, 189], [190, 191], [190, 193]], "missing_branches": [[184, 185]]}, "Workspace.fingerprint": {"executed_lines": [196, 197, 199], "summary": {"covered_lines": 3, "num_statements": 4, "percent_covered": 66.66666666666667, "percent_covered_display": "67", "missing_lines": 1, "excluded_lines": 0, "percent_statements_covered": 75.0, "percent_statements_covered_display": "75", "num_branches": 2, "num_partial_branches": 1, "covered_branches": 1, "missing_branches": 1, "percent_branches_covered": 50.0, "percent_branches_covered_display": "50"}, "missing_lines": [198], "excluded_lines": [], "start_line": 195, "executed_branches": [[197, 199]], "missing_branches": [[197, 198]]}, "Workspace.refresh_for_commit": {"executed_lines": [202, 203, 204, 205, 206, 208, 211, 212, 213, 214, 215, 217, 218, 219], "summary": {"covered_lines": 14, "num_statements": 17, "percent_covered": 77.41935483870968, "percent_covered_display": "77", "missing_lines": 3, "excluded_lines": 0, "percent_statements_covered": 82.3529411764706, "percent_statements_covered_display": "82", "num_branches": 14, "num_partial_branches": 2, "covered_branches": 10, "missing_branches": 4, "percent_branches_covered": 71.42857142857143, "percent_branches_covered_display": "71"}, "missing_lines": [209, 210, 216], "excluded_lines": [], "start_line": 201, "executed_branches": [[203, 204], [203, 206], [204, 203], [204, 205], [208, 211], [211, 212], [211, 218], [212, 211], [212, 213], [215, 217]], "missing_branches": [[208, 209], [209, 208], [209, 210], [215, 216]]}, "Workspace.commit": {"executed_lines": [222, 223, 224, 225, 226, 227, 228, 229, 230, 231, 232, 233, 234, 236, 237, 238, 239, 240, 242, 245, 246, 247, 248, 249, 250], "summary": {"covered_lines": 25, "num_statements": 26, "percent_covered": 94.44444444444444, "percent_covered_display": "94", "missing_lines": 1, "excluded_lines": 0, "percent_statements_covered": 96.15384615384616, "percent_statements_covered_display": "96", "num_branches": 10, "num_partial_branches": 1, "covered_branches": 9, "missing_branches": 1, "percent_branches_covered": 90.0, "percent_branches_covered_display": "90"}, "missing_lines": [235], "excluded_lines": [], "start_line": 221, "executed_branches": [[223, 224], [223, 225], [226, 227], [226, 228], [230, 231], [230, 242], [234, 236], [238, 239], [238, 240]], "missing_branches": [[234, 235]]}, "Workspace.cleanup": {"executed_lines": [253, 254, 255, 256, 258], "summary": {"covered_lines": 5, "num_statements": 6, "percent_covered": 80.0, "percent_covered_display": "80", "missing_lines": 1, "excluded_lines": 0, "percent_statements_covered": 83.33333333333333, "percent_statements_covered_display": "83", "num_branches": 4, "num_partial_branches": 1, "covered_branches": 3, "missing_branches": 1, "percent_branches_covered": 75.0, "percent_branches_covered_display": "75"}, "missing_lines": [257], "excluded_lines": [], "start_line": 252, "executed_branches": [[254, 255], [254, 256], [256, 258]], "missing_branches": [[256, 257]]}, "apply_journal": {"executed_lines": [262, 264, 265, 266, 268, 269, 270, 271, 272, 273, 274, 275, 277, 278, 279, 280, 281, 282, 284, 285, 287, 288, 289, 290, 291, 293, 294, 295, 296, 297, 299, 300, 302, 303], "summary": {"covered_lines": 34, "num_statements": 40, "percent_covered": 81.81818181818181, "percent_covered_display": "82", "missing_lines": 6, "excluded_lines": 0, "percent_statements_covered": 85.0, "percent_statements_covered_display": "85", "num_branches": 26, "num_partial_branches": 6, "covered_branches": 20, "missing_branches": 6, "percent_branches_covered": 76.92307692307692, "percent_branches_covered_display": "77"}, "missing_lines": [263, 267, 276, 283, 286, 298], "excluded_lines": [], "start_line": 261, "executed_branches": [[262, 264], [266, 268], [273, 274], [273, 297], [275, 277], [279, 280], [279, 281], [282, 284], [285, 287], [288, 289], [288, 290], [290, 291], [290, 293], [295, 273], [295, 296], [297, 299], [299, 300], [299, 302], [302, -261], [302, 303]], "missing_branches": [[262, 263], [266, 267], [275, 276], [282, 283], [285, 286], [297, 298]]}, "recover_integrations": {"executed_lines": [307, 308, 309, 310, 311, 312, 313, 314, 315, 316, 317, 318, 319], "summary": {"covered_lines": 13, "num_statements": 13, "percent_covered": 100.0, "percent_covered_display": "100", "missing_lines": 0, "excluded_lines": 0, "percent_statements_covered": 100.0, "percent_statements_covered_display": "100", "num_branches": 2, "num_partial_branches": 0, "covered_branches": 2, "missing_branches": 0, "percent_branches_covered": 100.0, "percent_branches_covered_display": "100"}, "missing_lines": [], "excluded_lines": [], "start_line": 306, "executed_branches": [[309, 310], [309, 319]], "missing_branches": []}, "hygiene_scan": {"executed_lines": [323, 324, 325, 326, 327, 328, 329, 330, 331, 333], "summary": {"covered_lines": 10, "num_statements": 11, "percent_covered": 89.47368421052632, "percent_covered_display": "89", "missing_lines": 1, "excluded_lines": 0, "percent_statements_covered": 90.9090909090909, "percent_statements_covered_display": "91", "num_branches": 8, "num_partial_branches": 1, "covered_branches": 7, "missing_branches": 1, "percent_branches_covered": 87.5, "percent_branches_covered_display": "88"}, "missing_lines": [332], "excluded_lines": [], "start_line": 322, "executed_branches": [[325, 326], [325, 333], [327, 328], [327, 329], [329, 325], [329, 330], [331, 325]], "missing_branches": [[331, 332]]}, "": {"executed_lines": [7, 9, 10, 11, 12, 13, 14, 15, 17, 18, 24, 28, 34, 48, 75, 79, 80, 95, 110, 126, 143, 152, 170, 182, 195, 201, 221, 252, 261, 306, 322], "summary": {"covered_lines": 31, "num_statements": 31, "percent_covered": 100.0, "percent_covered_display": "100", "missing_lines": 0, "excluded_lines": 2, "percent_statements_covered": 100.0, "percent_statements_covered_display": "100", "num_branches": 0, "num_partial_branches": 0, "covered_branches": 0, "missing_branches": 0, "percent_branches_covered": 100.0, "percent_branches_covered_display": "100"}, "missing_lines": [], "excluded_lines": [20, 21], "start_line": 1, "executed_branches": [], "missing_branches": []}}, "classes": {"Workspace": {"executed_lines": [81, 82, 84, 85, 86, 87, 88, 89, 90, 91, 92, 93, 96, 98, 99, 100, 101, 102, 103, 104, 105, 107, 108, 111, 112, 113, 114, 115, 116, 117, 118, 120, 122, 123, 124, 127, 128, 129, 130, 131, 133, 134, 135, 136, 137, 138, 139, 140, 144, 148, 149, 150, 171, 172, 174, 175, 176, 177, 178, 179, 180, 183, 184, 186, 187, 188, 189, 190, 191, 193, 196, 197, 199, 202, 203, 204, 205, 206, 208, 211, 212, 213, 214, 215, 217, 218, 219, 222, 223, 224, 225, 226, 227, 228, 229, 230, 231, 232, 233, 234, 236, 237, 238, 239, 240, 242, 245, 246, 247, 248, 249, 250, 253, 254, 255, 256, 258], "summary": {"covered_lines": 117, "num_statements": 150, "percent_covered": 73.00884955752213, "percent_covered_display": "73", "missing_lines": 33, "excluded_lines": 0, "percent_statements_covered": 78.0, "percent_statements_covered_display": "78", "num_branches": 76, "num_partial_branches": 14, "covered_branches": 48, "missing_branches": 28, "percent_branches_covered": 63.1578947368421, "percent_branches_covered_display": "63"}, "missing_lines": [83, 97, 106, 119, 121, 132, 145, 146, 147, 153, 154, 155, 156, 157, 158, 159, 160, 161, 162, 163, 164, 165, 166, 167, 168, 173, 185, 198, 209, 210, 216, 235, 257], "excluded_lines": [], "start_line": 79, "executed_branches": [[82, 84], [96, 98], [102, 103], [102, 108], [105, 107], [112, 113], [112, 114], [114, 115], [114, 122], [115, 116], [115, 117], [118, 120], [120, 122], [128, 129], [128, 130], [131, 133], [144, 148], [172, 174], [175, 176], [175, 177], [184, 186], [187, 188], [187, 189], [190, 191], [190, 193], [197, 199], [203, 204], [203, 206], [204, 203], [204, 205], [208, 211], [211, 212], [211, 218], [212, 211], [212, 213], [215, 217], [223, 224], [223, 225], [226, 227], [226, 228], [230, 231], [230, 242], [234, 236], [238, 239], [238, 240], [254, 255], [254, 256], [256, 258]], "missing_branches": [[82, 83], [96, 97], [105, 106], [118, 119], [120, 121], [131, 132], [144, 145], [146, 147], [146, 148], [153, 154], [153, 155], [157, 158], [157, 168], [163, 157], [163, 164], [164, 163], [164, 165], [166, 163], [166, 167], [172, 173], [184, 185], [197, 198], [208, 209], [209, 208], [209, 210], [215, 216], [234, 235], [256, 257]]}, "": {"executed_lines": [7, 9, 10, 11, 12, 13, 14, 15, 17, 18, 24, 25, 28, 29, 31, 34, 35, 36, 37, 38, 39, 40, 41, 42, 45, 48, 49, 50, 51, 52, 53, 56, 57, 58, 59, 60, 61, 64, 65, 68, 69, 71, 72, 75, 76, 79, 80, 95, 110, 126, 143, 152, 170, 182, 195, 201, 221, 252, 261, 262, 264, 265, 266, 268, 269, 270, 271, 272, 273, 274, 275, 277, 278, 279, 280, 281, 282, 284, 285, 287, 288, 289, 290, 291, 293, 294, 295, 296, 297, 299, 300, 302, 303, 306, 307, 308, 309, 310, 311, 312, 313, 314, 315, 316, 317, 318, 319, 322, 323, 324, 325, 326, 327, 328, 329, 330, 331, 333], "summary": {"covered_lines": 118, "num_statements": 133, "percent_covered": 86.09625668449198, "percent_covered_display": "86", "missing_lines": 15, "excluded_lines": 2, "percent_statements_covered": 88.7218045112782, "percent_statements_covered_display": "89", "num_branches": 54, "num_partial_branches": 11, "covered_branches": 43, "missing_branches": 11, "percent_branches_covered": 79.62962962962963, "percent_branches_covered_display": "80"}, "missing_lines": [30, 43, 44, 62, 63, 66, 67, 70, 263, 267, 276, 283, 286, 298, 332], "excluded_lines": [20, 21], "start_line": 1, "executed_branches": [[29, 31], [37, 38], [37, 41], [39, 37], [39, 40], [52, 53], [52, 72], [56, 52], [56, 57], [59, 60], [59, 61], [61, 64], [65, 68], [69, 71], [262, 264], [266, 268], [273, 274], [273, 297], [275, 277], [279, 280], [279, 281], [282, 284], [285, 287], [288, 289], [288, 290], [290, 291], [290, 293], [295, 273], [295, 296], [297, 299], [299, 300], [299, 302], [302, -261], [302, 303], [309, 310], [309, 319], [325, 326], [325, 333], [327, 328], [327, 329], [329, 325], [329, 330], [331, 325]], "missing_branches": [[29, 30], [61, 62], [65, 66], [69, 70], [262, 263], [266, 267], [275, 276], [282, 283], [285, 286], [297, 298], [331, 332]]}}}}, "totals": {"covered_lines": 2420, "num_statements": 2687, "percent_covered": 87.595874107379, "percent_covered_display": "88", "missing_lines": 267, "excluded_lines": 2, "percent_statements_covered": 90.06326758466692, "percent_statements_covered_display": "90", "num_branches": 1094, "num_partial_branches": 168, "covered_branches": 892, "missing_branches": 202, "percent_branches_covered": 81.53564899451554, "percent_branches_covered_display": "82"}}