Name                              Stmts   Miss Branch BrPart  Cover   Missing
-----------------------------------------------------------------------------
src/future_code/__init__.py           1      0      0      0   100%
src/future_code/__main__.py           2      2      0      0     0%   1-2
src/future_code/cli.py              217     36     80     14    80%   91-92, 124, 128, 137-145, 151, 154, 158, 162, 188, 192-193, 203-209, 218, 221-225, 227, 230-231, 234, 241
src/future_code/cli_bridge.py        67      9     24      5    85%   33, 41, 54-55, 70, 73, 79-80, 84
src/future_code/context.py           76      2     30      2    96%   72->81, 82-83
src/future_code/contracts.py        282     13    132     14    93%   77, 85, 115, 140, 169, 201, 204, 205->202, 282, 284->286, 289, 294, 303, 308, 334
src/future_code/coordination.py     205      7     96      7    95%   55, 82, 131, 159, 249, 278, 301
src/future_code/dashboard.py         64      5     12      0    93%   37-38, 56-58
src/future_code/process.py           75     11     20      3    81%   30-33, 36-37, 41-42, 74-75, 95
src/future_code/quality.py          116     16     60     16    82%   27, 31, 34, 45, 51, 64, 70, 74, 78, 82, 93, 97, 100, 104, 106, 112
src/future_code/reporting.py        128      4     52      1    97%   137, 174-176
src/future_code/runtime.py          229     35    110     20    82%   44, 46, 48, 50, 80, 84-88, 91-92, 103-104, 112-116, 123, 131-133, 135, 145-149, 175, 186, 201-202, 226, 229-230, 248, 250->252, 254->257
src/future_code/security.py          64      5     20      4    89%   47->54, 55, 69, 77, 81-82
src/future_code/store.py            416     20    154     20    93%   84, 104-105, 154, 158, 218, 274, 330, 348, 370, 372, 379->383, 381, 387, 418, 424, 472, 481, 492, 523->exit, 540, 551
src/future_code/transport.py        188     15     62     12    89%   45, 84->82, 86, 92, 152-153, 155, 174, 186-188, 192->exit, 211, 225->227, 228-230, 235
src/future_code/worker.py           274     39    112     25    83%   132, 136, 139, 145, 148, 158-161, 201, 222, 226, 230, 233-235, 251, 257, 270, 274, 278, 280, 282, 286, 310, 317, 336, 338-340, 353, 363, 366-373
src/future_code/workspace.py        283     48    130     25    79%   30, 43-44, 62-63, 66-67, 70, 83, 97, 106, 119, 121, 132, 145-147, 153-168, 173, 185, 198, 209-210, 216, 235, 257, 263, 267, 276, 283, 286, 298, 332
-----------------------------------------------------------------------------
TOTAL                              2687    267   1094    168    88%
