<?xml version="1.0" encoding="utf-8"?><testsuites name="pytest tests"><testsuite name="pytest" errors="0" failures="1" skipped="0" tests="90" time="0.660" timestamp="2026-09-18T12:05:09.445708+00:00" hostname="localhost"><testcase classname="test_certificates" name="test_all_pass[1]" time="0.044" /><testcase classname="test_certificates" name="test_all_pass[2]" time="0.001" /><testcase classname="test_certificates" name="test_all_pass[8]" time="0.001" /><testcase classname="test_certificates" name="test_all_pass[16]" time="0.001" /><testcase classname="test_certificates" name="test_all_pass[64]" time="0.003" /><testcase classname="test_certificates" name="test_all_pass[512]" time="0.028" /><testcase classname="test_certificates" name="test_negative_never_compensated[FAIL]" time="0.001" /><testcase classname="test_certificates" name="test_negative_never_compensated[UNKNOWN]" time="0.001" /><testcase classname="test_certificates" name="test_incremental_serialization_equals_formula" time="0.006" /><testcase classname="test_certificates" name="test_stale_evidence_rejected" time="0.001" /><testcase classname="test_certificates" name="test_commit_race_rejected" time="0.001" /><testcase classname="test_certificates" name="test_tree_change_keeps_predicate" time="0.004" /><testcase classname="test_certificates" name="test_duplicate_registry" time="0.000" /><testcase classname="test_certificates" name="test_missing_dependency" time="0.000" /><testcase classname="test_certificates" name="test_drop_or_duplicate_coverage" time="0.001" /><testcase classname="test_certificates" name="test_tampered_capsule" time="0.001" /><testcase classname="test_certificates" name="test_no_changes_no_packets" time="0.001" /><testcase classname="test_certificates" name="test_max_field_width" time="0.000" /><testcase classname="test_certificates" name="test_no_silent_truncation" time="0.001" /><testcase classname="test_certificates" name="test_switch_back_to_old_tree_never_revives_stale_pass" time="0.002" /><testcase classname="test_certificates" name="test_stateful_edits_switches_and_partial_revalidation[0]" time="0.036" /><testcase classname="test_certificates" name="test_stateful_edits_switches_and_partial_revalidation[1]" time="0.037" /><testcase classname="test_certificates" name="test_stateful_edits_switches_and_partial_revalidation[2]" time="0.035" /><testcase classname="test_certificates" name="test_stateful_edits_switches_and_partial_revalidation[3]" time="0.037" /><testcase classname="test_certificates" name="test_stateful_edits_switches_and_partial_revalidation[4]" time="0.035" /><testcase classname="test_certificates" name="test_stateful_edits_switches_and_partial_revalidation[5]" time="0.034" /><testcase classname="test_certificates" name="test_stateful_edits_switches_and_partial_revalidation[6]" time="0.035" /><testcase classname="test_certificates" name="test_stateful_edits_switches_and_partial_revalidation[7]" time="0.033" /><testcase classname="test_certificates" name="test_stateful_edits_switches_and_partial_revalidation[8]" time="0.033" /><testcase classname="test_certificates" name="test_stateful_edits_switches_and_partial_revalidation[9]" time="0.038" /><testcase classname="test_certificates" name="test_microfixture_real_checker" time="0.001"><failure message="ModuleNotFoundError: No module named 'experiments.executable'">def test_microfixture_real_checker():
&gt;       from experiments.executable import check, source, definitions
E       ModuleNotFoundError: No module named 'experiments.executable'

mnt/data/hact_revision/IC_HACT_v2/tests_v1/test_certificates.py:127: ModuleNotFoundError</failure></testcase><testcase classname="test_tree" name="test_dp_matches_exhaustive[2-1]" time="0.001" /><testcase classname="test_tree" name="test_dp_matches_exhaustive[2-2]" time="0.001" /><testcase classname="test_tree" name="test_dp_matches_exhaustive[2-3]" time="0.001" /><testcase classname="test_tree" name="test_dp_matches_exhaustive[2-4]" time="0.001" /><testcase classname="test_tree" name="test_dp_matches_exhaustive[2-5]" time="0.001" /><testcase classname="test_tree" name="test_dp_matches_exhaustive[2-6]" time="0.001" /><testcase classname="test_tree" name="test_dp_matches_exhaustive[2-7]" time="0.002" /><testcase classname="test_tree" name="test_dp_matches_exhaustive[3-1]" time="0.001" /><testcase classname="test_tree" name="test_dp_matches_exhaustive[3-2]" time="0.001" /><testcase classname="test_tree" name="test_dp_matches_exhaustive[3-3]" time="0.001" /><testcase classname="test_tree" name="test_dp_matches_exhaustive[3-4]" time="0.001" /><testcase classname="test_tree" name="test_dp_matches_exhaustive[3-5]" time="0.001" /><testcase classname="test_tree" name="test_dp_matches_exhaustive[3-6]" time="0.001" /><testcase classname="test_tree" name="test_dp_matches_exhaustive[3-7]" time="0.004" /><testcase classname="test_tree" name="test_dp_matches_exhaustive[4-1]" time="0.001" /><testcase classname="test_tree" name="test_dp_matches_exhaustive[4-2]" time="0.001" /><testcase classname="test_tree" name="test_dp_matches_exhaustive[4-3]" time="0.001" /><testcase classname="test_tree" name="test_dp_matches_exhaustive[4-4]" time="0.001" /><testcase classname="test_tree" name="test_dp_matches_exhaustive[4-5]" time="0.001" /><testcase classname="test_tree" name="test_dp_matches_exhaustive[4-6]" time="0.002" /><testcase classname="test_tree" name="test_dp_matches_exhaustive[4-7]" time="0.005" /><testcase classname="test_tree" name="test_expected_cost_equals_episode_average[1]" time="0.001" /><testcase classname="test_tree" name="test_expected_cost_equals_episode_average[2]" time="0.001" /><testcase classname="test_tree" name="test_expected_cost_equals_episode_average[7]" time="0.001" /><testcase classname="test_tree" name="test_expected_cost_equals_episode_average[32]" time="0.011" /><testcase classname="test_tree" name="test_expected_cost_equals_episode_average[64]" time="0.040" /><testcase classname="test_tree" name="test_no_update_cost_zero[1]" time="0.001" /><testcase classname="test_tree" name="test_no_update_cost_zero[2]" time="0.000" /><testcase classname="test_tree" name="test_no_update_cost_zero[10]" time="0.001" /><testcase classname="test_tree" name="test_correlations_not_marginals" time="0.004" /><testcase classname="test_tree" name="test_invalid_matrix[bad0]" time="0.000" /><testcase classname="test_tree" name="test_invalid_matrix[bad1]" time="0.000" /><testcase classname="test_tree" name="test_invalid_matrix[bad2]" time="0.000" /><testcase classname="test_tree" name="test_invalid_matrix[bad3]" time="0.000" /><testcase classname="test_tree" name="test_invalid_coverage[tree0]" time="0.000" /><testcase classname="test_tree" name="test_invalid_coverage[tree1]" time="0.000" /><testcase classname="test_tree" name="test_invalid_coverage[tree2]" time="0.000" /><testcase classname="test_tree" name="test_tiny_budget_rejected" time="0.000" /><testcase classname="test_tree" name="test_unknown_gate_rejected" time="0.000" /><testcase classname="test_tree" name="test_radius" time="0.000" /><testcase classname="test_tree" name="test_height_dp_matches_enumeration[1-1]" time="0.001" /><testcase classname="test_tree" name="test_height_dp_matches_enumeration[1-2]" time="0.001" /><testcase classname="test_tree" name="test_height_dp_matches_enumeration[1-3]" time="0.000" /><testcase classname="test_tree" name="test_height_dp_matches_enumeration[1-4]" time="0.001" /><testcase classname="test_tree" name="test_height_dp_matches_enumeration[1-5]" time="0.001" /><testcase classname="test_tree" name="test_height_dp_matches_enumeration[1-6]" time="0.002" /><testcase classname="test_tree" name="test_height_dp_matches_enumeration[2-1]" time="0.000" /><testcase classname="test_tree" name="test_height_dp_matches_enumeration[2-2]" time="0.000" /><testcase classname="test_tree" name="test_height_dp_matches_enumeration[2-3]" time="0.000" /><testcase classname="test_tree" name="test_height_dp_matches_enumeration[2-4]" time="0.001" /><testcase classname="test_tree" name="test_height_dp_matches_enumeration[2-5]" time="0.001" /><testcase classname="test_tree" name="test_height_dp_matches_enumeration[2-6]" time="0.002" /><testcase classname="test_tree" name="test_height_dp_matches_enumeration[3-1]" time="0.000" /><testcase classname="test_tree" name="test_height_dp_matches_enumeration[3-2]" time="0.000" /><testcase classname="test_tree" name="test_height_dp_matches_enumeration[3-3]" time="0.001" /><testcase classname="test_tree" name="test_height_dp_matches_enumeration[3-4]" time="0.001" /><testcase classname="test_tree" name="test_height_dp_matches_enumeration[3-5]" time="0.001" /><testcase classname="test_tree" name="test_height_dp_matches_enumeration[3-6]" time="0.002" /><testcase classname="test_tree" name="test_four_gate_marginal_impossibility" time="0.000" /></testsuite></testsuites>